<?xml version="1.0" encoding="UTF-8"?>
<testsuite name="starter.CucumberTestSuite" tests="0" skipped="0" failures="0" errors="0" timestamp="1970-01-01T00:00:00" hostname="LSTKBO220164" time="0.0">
  <properties/>
  <system-out><![CDATA[01:01:27.753 [Test worker] DEBUG net.thucydides.core.util.PropertiesFileLocalPreferences - environments.dev.webdriver.base.url=http://automationpractice.com/dev
01:01:27.753 [Test worker] DEBUG net.thucydides.core.util.PropertiesFileLocalPreferences - webdriver.driver=chrome
01:01:27.753 [Test worker] DEBUG net.thucydides.core.util.PropertiesFileLocalPreferences - drivers.windows.webdriver.chrome.driver=src/test/resources/webdriver/windows/chromedriver.exe
01:01:27.753 [Test worker] DEBUG net.thucydides.core.util.PropertiesFileLocalPreferences - drivers.linux.webdriver.gecko.driver=src/test/resources/webdriver/linux/geckodriver
01:01:27.753 [Test worker] DEBUG net.thucydides.core.util.PropertiesFileLocalPreferences - environments.staging.webdriver.base.url=http://automationpractice.com/staging
01:01:27.753 [Test worker] DEBUG net.thucydides.core.util.PropertiesFileLocalPreferences - environments.default.webdriver.base.url=http://automationpractice.com
01:01:27.753 [Test worker] DEBUG net.thucydides.core.util.PropertiesFileLocalPreferences - drivers.linux.webdriver.chrome.driver=src/test/resources/webdriver/linux/chromedriver
01:01:27.753 [Test worker] DEBUG net.thucydides.core.util.PropertiesFileLocalPreferences - drivers.windows.webdriver.gecko.driver=src/test/resources/webdriver/windows/geckodriver.exe
01:01:27.753 [Test worker] DEBUG net.thucydides.core.util.PropertiesFileLocalPreferences - chrome.switches=--start-maximized;--test-type;--no-sandbox;--ignore-certificate-errors;\r\n                   --disable-popup-blocking;--disable-default-apps;--disable-extensions-file-access-check;\r\n                   --incognito;--disable-infobars,--disable-gpu
01:01:27.753 [Test worker] DEBUG net.thucydides.core.util.PropertiesFileLocalPreferences - drivers.mac.webdriver.gecko.driver=src/test/resources/webdriver/mac/geckodriver
01:01:27.753 [Test worker] DEBUG net.thucydides.core.util.PropertiesFileLocalPreferences - drivers.mac.webdriver.chrome.driver=src/test/resources/webdriver/mac/chromedriver
01:01:27.753 [Test worker] DEBUG net.thucydides.core.util.PropertiesFileLocalPreferences - environments.prod.webdriver.base.url=http://automationpractice.com/prod
01:01:28.170 [Test worker] INFO io.cucumber.core.plugin.SerenityReporter - Running feature from file:///C:/Users/miguel.califa/Desktop/serenitybddrestinspanishtrainingv2/src/test/resources/features/HomePage/Load_HomePage.feature
01:01:28.424 [Test worker] DEBUG net.thucydides.core.util.PropertiesFileLocalPreferences - environments.dev.webdriver.base.url=http://automationpractice.com/dev
01:01:28.424 [Test worker] DEBUG net.thucydides.core.util.PropertiesFileLocalPreferences - webdriver.driver=chrome
01:01:28.424 [Test worker] DEBUG net.thucydides.core.util.PropertiesFileLocalPreferences - drivers.windows.webdriver.chrome.driver=src/test/resources/webdriver/windows/chromedriver.exe
01:01:28.424 [Test worker] DEBUG net.thucydides.core.util.PropertiesFileLocalPreferences - drivers.linux.webdriver.gecko.driver=src/test/resources/webdriver/linux/geckodriver
01:01:28.424 [Test worker] DEBUG net.thucydides.core.util.PropertiesFileLocalPreferences - environments.staging.webdriver.base.url=http://automationpractice.com/staging
01:01:28.424 [Test worker] DEBUG net.thucydides.core.util.PropertiesFileLocalPreferences - environments.default.webdriver.base.url=http://automationpractice.com
01:01:28.424 [Test worker] DEBUG net.thucydides.core.util.PropertiesFileLocalPreferences - drivers.linux.webdriver.chrome.driver=src/test/resources/webdriver/linux/chromedriver
01:01:28.424 [Test worker] DEBUG net.thucydides.core.util.PropertiesFileLocalPreferences - drivers.windows.webdriver.gecko.driver=src/test/resources/webdriver/windows/geckodriver.exe
01:01:28.439 [Test worker] DEBUG net.thucydides.core.util.PropertiesFileLocalPreferences - chrome.switches=--start-maximized;--test-type;--no-sandbox;--ignore-certificate-errors;\r\n                   --disable-popup-blocking;--disable-default-apps;--disable-extensions-file-access-check;\r\n                   --incognito;--disable-infobars,--disable-gpu
01:01:28.439 [Test worker] DEBUG net.thucydides.core.util.PropertiesFileLocalPreferences - drivers.mac.webdriver.gecko.driver=src/test/resources/webdriver/mac/geckodriver
01:01:28.439 [Test worker] DEBUG net.thucydides.core.util.PropertiesFileLocalPreferences - drivers.mac.webdriver.chrome.driver=src/test/resources/webdriver/mac/chromedriver
01:01:28.439 [Test worker] DEBUG net.thucydides.core.util.PropertiesFileLocalPreferences - environments.prod.webdriver.base.url=http://automationpractice.com/prod
01:01:28.439 [Test worker] INFO  - 

-------------------------------------------------------------------------------------
     _______. _______ .______       _______ .__   __.  __  .___________.____    ____ 
    /       ||   ____||   _  \     |   ____||  \ |  | |  | |           |\   \  /   / 
   |   (----`|  |__   |  |_)  |    |  |__   |   \|  | |  | `---|  |----` \   \/   /  
    \   \    |   __|  |      /     |   __|  |  . `  | |  |     |  |       \_    _/   
.----)   |   |  |____ |  |\  \----.|  |____ |  |\   | |  |     |  |         |  |     
|_______/    |_______|| _| `._____||_______||__| \__| |__|     |__|         |__|    
                                                                                     
 News and tutorials at http://www.serenity-bdd.info                                  
 Documentation at https://wakaleo.gitbooks.io/the-serenity-book/content/             
 Join the Serenity Community on Gitter: https://gitter.im/serenity-bdd/serenity-core 
 Serenity BDD Support and Training at http://serenity-bdd.info/#/trainingandsupport  
-------------------------------------------------------------------------------------

01:01:28.455 [Test worker] DEBUG net.thucydides.core.steps.StepEventBus - Test suite started for story net.thucydides.core.model.Story@8819dd9
01:01:28.455 [Test worker] INFO  - Test Suite Started: Load HomePage
01:01:28.486 [Test worker] INFO io.cucumber.core.plugin.SerenityReporter - Running feature from file:///C:/Users/miguel.califa/Desktop/serenitybddrestinspanishtrainingv2/src/test/resources/features/Login/LoginForm.feature
01:01:28.486 [Test worker] DEBUG net.thucydides.core.steps.StepEventBus - Test suite started for story net.thucydides.core.model.Story@ae1de226
01:01:28.502 [Test worker] INFO  - Test Suite Started: Login
01:01:28.502 [Test worker] INFO io.cucumber.core.plugin.SerenityReporter - Running feature from file:///C:/Users/miguel.califa/Desktop/serenitybddrestinspanishtrainingv2/src/test/resources/features/Register/RegisterForm.feature
01:01:28.502 [Test worker] DEBUG net.thucydides.core.steps.StepEventBus - Test suite started for story net.thucydides.core.model.Story@8fafbb8
01:01:28.502 [Test worker] INFO  - Test Suite Started: Register

3 Scenarios (?[32m3 passed?[0m)
9 Steps (?[32m9 passed?[0m)
1m14,599s


01:02:42.769 [Test worker] DEBUG net.thucydides.core.reports.ReportService - Reporting formats: [JSON, HTML]
01:02:42.885 [Test worker] DEBUG net.thucydides.core.reports.ReportService - Reporting formats: [JSON, HTML]
01:02:42.901 [Test worker] DEBUG net.thucydides.core.reports.ReportService - Generating reports for 3 test outcomes using: net.thucydides.core.reports.json.JSONTestOutcomeReporter@1b27fe8d
01:02:42.901 [pool-1-thread-1] DEBUG net.thucydides.core.reports.ReportService - Processing test outcome Load HomePage:Getting In To The Website
01:02:42.901 [pool-1-thread-2] DEBUG net.thucydides.core.reports.ReportService - Processing test outcome Login:Login on The Website
01:02:42.901 [pool-1-thread-2] INFO net.thucydides.core.reports.ReportService - net.thucydides.core.reports.json.JSONTestOutcomeReporter@1b27fe8d: Generating report for test outcome: Login:Login on The Website
01:02:42.901 [pool-1-thread-1] INFO net.thucydides.core.reports.ReportService - net.thucydides.core.reports.json.JSONTestOutcomeReporter@1b27fe8d: Generating report for test outcome: Load HomePage:Getting In To The Website
01:02:42.901 [pool-1-thread-3] DEBUG net.thucydides.core.reports.ReportService - Processing test outcome Register:Register on The Website
01:02:42.901 [pool-1-thread-3] INFO net.thucydides.core.reports.ReportService - net.thucydides.core.reports.json.JSONTestOutcomeReporter@1b27fe8d: Generating report for test outcome: Register:Register on The Website
01:02:42.916 [pool-1-thread-1] DEBUG net.thucydides.core.reports.json.JSONTestOutcomeReporter - Generating JSON report for Getting In To The Website to file C:\Users\miguel.califa\Desktop\serenitybddrestinspanishtrainingv2\target\site\serenity\c031036ee59c180ea224d589c813571411333d71386231ef66fec0a7e8abbf04.json (using temp file C:\Users\miguel.califa\Desktop\serenitybddrestinspanishtrainingv2\target\site\serenity\c031036ee59c180ea224d589c813571411333d71386231ef66fec0a7e8abbf04.jsonb81de59b-859e-4493-9b7d-85a8604015f9)
01:02:42.916 [pool-1-thread-2] DEBUG net.thucydides.core.reports.json.JSONTestOutcomeReporter - Generating JSON report for Login on The Website to file C:\Users\miguel.califa\Desktop\serenitybddrestinspanishtrainingv2\target\site\serenity\bd95feb69800ac44a1590532098ff2cb0f49cc53b2558337245bb99542e8a17b.json (using temp file C:\Users\miguel.califa\Desktop\serenitybddrestinspanishtrainingv2\target\site\serenity\bd95feb69800ac44a1590532098ff2cb0f49cc53b2558337245bb99542e8a17b.jsond74318f8-2d74-4186-a6e2-ed991081530a)
01:02:42.916 [pool-1-thread-3] DEBUG net.thucydides.core.reports.json.JSONTestOutcomeReporter - Generating JSON report for Register on The Website to file C:\Users\miguel.califa\Desktop\serenitybddrestinspanishtrainingv2\target\site\serenity\e1f6e8afe8010bc4fa5567b1d3ef408ed4831e824c59320b88edce851e3fbc22.json (using temp file C:\Users\miguel.califa\Desktop\serenitybddrestinspanishtrainingv2\target\site\serenity\e1f6e8afe8010bc4fa5567b1d3ef408ed4831e824c59320b88edce851e3fbc22.jsonb529723b-b853-4e8b-b5b5-362fa9bfffd3)
01:02:43.056 [pool-1-thread-3] DEBUG net.thucydides.core.reports.ReportService - Processing test outcome Register:Register on The Website done
01:02:43.056 [pool-1-thread-1] DEBUG net.thucydides.core.reports.ReportService - Processing test outcome Load HomePage:Getting In To The Website done
01:02:43.056 [pool-1-thread-2] DEBUG net.thucydides.core.reports.ReportService - Processing test outcome Login:Login on The Website done
01:02:43.056 [Test worker] DEBUG net.thucydides.core.reports.ReportService - Shutting down executor service
01:02:43.056 [Test worker] DEBUG net.thucydides.core.reports.ReportService - Reports generated in: 155 ms
01:02:43.056 [Test worker] DEBUG net.thucydides.core.reports.ReportService - Generating reports for 3 test outcomes using: net.thucydides.core.reports.html.HtmlAcceptanceTestReporter@6e43c936
01:02:43.066 [pool-2-thread-3] DEBUG net.thucydides.core.reports.ReportService - Processing test outcome Register:Register on The Website
01:02:43.066 [pool-2-thread-3] INFO net.thucydides.core.reports.ReportService - net.thucydides.core.reports.html.HtmlAcceptanceTestReporter@6e43c936: Generating report for test outcome: Register:Register on The Website
01:02:43.066 [pool-2-thread-2] DEBUG net.thucydides.core.reports.ReportService - Processing test outcome Login:Login on The Website
01:02:43.066 [pool-2-thread-2] INFO net.thucydides.core.reports.ReportService - net.thucydides.core.reports.html.HtmlAcceptanceTestReporter@6e43c936: Generating report for test outcome: Login:Login on The Website
01:02:43.066 [pool-2-thread-1] DEBUG net.thucydides.core.reports.ReportService - Processing test outcome Load HomePage:Getting In To The Website
01:02:43.066 [pool-2-thread-1] INFO net.thucydides.core.reports.ReportService - net.thucydides.core.reports.html.HtmlAcceptanceTestReporter@6e43c936: Generating report for test outcome: Load HomePage:Getting In To The Website
01:02:43.137 [pool-2-thread-3] DEBUG net.thucydides.core.requirements.model.cucumber.CucumberParser - Added feature Load HomePage
01:02:43.137 [pool-2-thread-2] DEBUG net.thucydides.core.requirements.model.cucumber.CucumberParser - Added feature Load HomePage
01:02:43.157 [pool-2-thread-3] DEBUG net.thucydides.core.requirements.model.cucumber.CucumberParser - Added feature Login
01:02:43.147 [pool-2-thread-1] DEBUG net.thucydides.core.requirements.model.cucumber.CucumberParser - Added feature Load HomePage
01:02:43.177 [pool-2-thread-2] DEBUG net.thucydides.core.requirements.model.cucumber.CucumberParser - Added feature Login
01:02:43.187 [pool-2-thread-1] DEBUG net.thucydides.core.requirements.model.cucumber.CucumberParser - Added feature Login
01:02:43.207 [pool-2-thread-3] DEBUG net.thucydides.core.requirements.model.cucumber.CucumberParser - Added feature Register
01:02:43.228 [pool-2-thread-1] DEBUG net.thucydides.core.requirements.model.cucumber.CucumberParser - Added feature Register
01:02:43.238 [pool-2-thread-2] DEBUG net.thucydides.core.requirements.model.cucumber.CucumberParser - Added feature Register
01:02:43.248 [pool-2-thread-2] DEBUG net.thucydides.core.requirements.BaseRequirementsService - Requirement found for test outcome Login on The Website-[]: Optional[Requirement{name='Login', type='feature' parent = 'Login', cardNumber='null'}]
01:02:43.248 [pool-2-thread-2] DEBUG net.thucydides.core.requirements.BaseRequirementsService - Requirement found for test outcome Login on The Website-[]: Optional[Requirement{name='Login', type='feature' parent = 'Login', cardNumber='null'}]
01:02:43.258 [pool-2-thread-1] DEBUG net.thucydides.core.requirements.BaseRequirementsService - Requirement found for test outcome Getting In To The Website-[]: Optional[Requirement{name='Load HomePage', type='feature' parent = 'Home page', cardNumber='null'}]
01:02:43.266 [pool-2-thread-1] DEBUG net.thucydides.core.requirements.BaseRequirementsService - Requirement found for test outcome Getting In To The Website-[]: Optional[Requirement{name='Load HomePage', type='feature' parent = 'Home page', cardNumber='null'}]
01:02:43.268 [pool-2-thread-3] DEBUG net.thucydides.core.requirements.BaseRequirementsService - Requirement found for test outcome Register on The Website-[]: Optional[Requirement{name='Register', type='feature' parent = 'Register', cardNumber='null'}]
01:02:43.268 [pool-2-thread-3] DEBUG net.thucydides.core.requirements.BaseRequirementsService - Requirement found for test outcome Register on The Website-[]: Optional[Requirement{name='Register', type='feature' parent = 'Register', cardNumber='null'}]
01:02:43.296 [pool-2-thread-1] DEBUG net.thucydides.core.requirements.BaseRequirementsService - Requirement found for test outcome Getting In To The Website-[]: Optional[Requirement{name='Load HomePage', type='feature' parent = 'Home page', cardNumber='null'}]
01:02:43.296 [pool-2-thread-1] DEBUG net.thucydides.core.requirements.BaseRequirementsService - Requirement found for test outcome Getting In To The Website-[]: Optional[Requirement{name='Load HomePage', type='feature' parent = 'Home page', cardNumber='null'}]
01:02:43.298 [pool-2-thread-1] DEBUG serenity.reporting - Generating report in c031036ee59c180ea224d589c813571411333d71386231ef66fec0a7e8abbf04_screenshots.html
01:02:43.308 [pool-2-thread-2] DEBUG net.thucydides.core.requirements.BaseRequirementsService - Requirement found for test outcome Login on The Website-[]: Optional[Requirement{name='Login', type='feature' parent = 'Login', cardNumber='null'}]
01:02:43.308 [pool-2-thread-2] DEBUG net.thucydides.core.requirements.BaseRequirementsService - Requirement found for test outcome Login on The Website-[]: Optional[Requirement{name='Login', type='feature' parent = 'Login', cardNumber='null'}]
01:02:43.316 [pool-2-thread-3] DEBUG net.thucydides.core.requirements.BaseRequirementsService - Requirement found for test outcome Register on The Website-[]: Optional[Requirement{name='Register', type='feature' parent = 'Register', cardNumber='null'}]
01:02:43.318 [pool-2-thread-3] DEBUG net.thucydides.core.requirements.BaseRequirementsService - Requirement found for test outcome Register on The Website-[]: Optional[Requirement{name='Register', type='feature' parent = 'Register', cardNumber='null'}]
01:02:43.318 [pool-2-thread-3] DEBUG serenity.reporting - Generating report in e1f6e8afe8010bc4fa5567b1d3ef408ed4831e824c59320b88edce851e3fbc22_screenshots.html
01:02:43.318 [pool-2-thread-2] DEBUG serenity.reporting - Generating report in bd95feb69800ac44a1590532098ff2cb0f49cc53b2558337245bb99542e8a17b_screenshots.html
01:02:44.711 [pool-2-thread-1] DEBUG serenity.reporting - Generated report c031036ee59c180ea224d589c813571411333d71386231ef66fec0a7e8abbf04_screenshots.html in 1413 ms
01:02:44.721 [pool-2-thread-2] DEBUG serenity.reporting - Generated report bd95feb69800ac44a1590532098ff2cb0f49cc53b2558337245bb99542e8a17b_screenshots.html in 1403 ms
01:02:44.731 [pool-2-thread-3] DEBUG serenity.reporting - Generated report e1f6e8afe8010bc4fa5567b1d3ef408ed4831e824c59320b88edce851e3fbc22_screenshots.html in 1413 ms
01:02:45.835 [pool-2-thread-3] DEBUG serenity.reporting - Generating report in e1f6e8afe8010bc4fa5567b1d3ef408ed4831e824c59320b88edce851e3fbc22.html
01:02:45.835 [pool-2-thread-2] DEBUG serenity.reporting - Generating report in bd95feb69800ac44a1590532098ff2cb0f49cc53b2558337245bb99542e8a17b.html
01:02:45.835 [pool-2-thread-1] DEBUG serenity.reporting - Generating report in c031036ee59c180ea224d589c813571411333d71386231ef66fec0a7e8abbf04.html
01:02:46.116 [pool-2-thread-1] DEBUG serenity.reporting - Generated report c031036ee59c180ea224d589c813571411333d71386231ef66fec0a7e8abbf04.html in 281 ms
01:02:46.116 [pool-2-thread-1] DEBUG net.thucydides.core.reports.ReportService - Processing test outcome Load HomePage:Getting In To The Website done
01:02:46.435 [pool-2-thread-3] DEBUG serenity.reporting - Generated report e1f6e8afe8010bc4fa5567b1d3ef408ed4831e824c59320b88edce851e3fbc22.html in 600 ms
01:02:46.435 [pool-2-thread-3] DEBUG net.thucydides.core.reports.ReportService - Processing test outcome Register:Register on The Website done
01:02:46.535 [pool-2-thread-2] DEBUG serenity.reporting - Generated report bd95feb69800ac44a1590532098ff2cb0f49cc53b2558337245bb99542e8a17b.html in 700 ms
01:02:46.535 [pool-2-thread-2] DEBUG net.thucydides.core.reports.ReportService - Processing test outcome Login:Login on The Website done
01:02:46.535 [Test worker] DEBUG net.thucydides.core.reports.ReportService - Shutting down executor service
01:02:46.535 [Test worker] DEBUG net.thucydides.core.reports.ReportService - Reports generated in: 3479 ms
01:02:46.782 [Test worker] INFO io.cucumber.core.plugin.SerenityReporter - Cleanup test resources for URI file:///C:/Users/miguel.califa/Desktop/serenitybddrestinspanishtrainingv2/src/test/resources/features/HomePage/Load_HomePage.feature
01:02:46.782 [Test worker] DEBUG net.serenitybdd.core.photography.Darkroom - Closing darkroom
01:02:46.782 [Darkroom Processing Line] DEBUG net.serenitybdd.core.photography.DarkroomProcessingLine - Darkroom processing line shutting down
01:02:46.782 [Test worker] INFO io.cucumber.core.plugin.SerenityReporter - Cleanup test resources for URI file:///C:/Users/miguel.califa/Desktop/serenitybddrestinspanishtrainingv2/src/test/resources/features/Login/LoginForm.feature
01:02:46.782 [Test worker] DEBUG net.serenitybdd.core.photography.Darkroom - Closing darkroom
01:02:46.782 [Darkroom Processing Line] DEBUG net.serenitybdd.core.photography.DarkroomProcessingLine - Darkroom processing line shutting down
01:02:46.782 [Test worker] INFO io.cucumber.core.plugin.SerenityReporter - Cleanup test resources for URI file:///C:/Users/miguel.califa/Desktop/serenitybddrestinspanishtrainingv2/src/test/resources/features/Register/RegisterForm.feature
01:02:46.782 [Test worker] DEBUG net.serenitybdd.core.photography.Darkroom - Closing darkroom
01:02:46.782 [Darkroom Processing Line] DEBUG net.serenitybdd.core.photography.DarkroomProcessingLine - Darkroom processing line shutting down
]]></system-out>
  <system-err><![CDATA[]]></system-err>
</testsuite>
