<?xml version="1.0" encoding="UTF-8"?>
<testsuite name="starter.CucumberTestSuite" tests="0" skipped="0" failures="0" errors="0" timestamp="1970-01-01T00:00:00" hostname="CHBOGML-119422" time="0.0">
  <properties/>
  <system-out><![CDATA[11:46:33.961 [Test worker] DEBUG net.thucydides.core.util.PropertiesFileLocalPreferences - environments.dev.webdriver.base.url=https://serenity.is
11:46:33.965 [Test worker] DEBUG net.thucydides.core.util.PropertiesFileLocalPreferences - webdriver.driver=chrome
11:46:33.966 [Test worker] DEBUG net.thucydides.core.util.PropertiesFileLocalPreferences - drivers.windows.webdriver.chrome.driver=src/test/resources/webdriver/windows/chromedriver.exe
11:46:33.966 [Test worker] DEBUG net.thucydides.core.util.PropertiesFileLocalPreferences - drivers.linux.webdriver.gecko.driver=src/test/resources/webdriver/linux/geckodriver
11:46:33.966 [Test worker] DEBUG net.thucydides.core.util.PropertiesFileLocalPreferences - environments.staging.webdriver.base.url=https://serenity.is
11:46:33.966 [Test worker] DEBUG net.thucydides.core.util.PropertiesFileLocalPreferences - environments.default.webdriver.base.url=https://serenity.is
11:46:33.966 [Test worker] DEBUG net.thucydides.core.util.PropertiesFileLocalPreferences - drivers.linux.webdriver.chrome.driver=src/test/resources/webdriver/linux/chromedriver
11:46:33.967 [Test worker] DEBUG net.thucydides.core.util.PropertiesFileLocalPreferences - drivers.windows.webdriver.gecko.driver=src/test/resources/webdriver/windows/geckodriver.exe
11:46:33.967 [Test worker] DEBUG net.thucydides.core.util.PropertiesFileLocalPreferences - chrome.switches=--start-maximized;--test-type;--no-sandbox;--ignore-certificate-errors;\r\n                   --disable-popup-blocking;--disable-default-apps;--disable-extensions-file-access-check;\r\n                   --incognito;--disable-infobars,--disable-gpu
11:46:33.967 [Test worker] DEBUG net.thucydides.core.util.PropertiesFileLocalPreferences - drivers.mac.webdriver.gecko.driver=src/test/resources/webdriver/mac/geckodriver
11:46:33.967 [Test worker] DEBUG net.thucydides.core.util.PropertiesFileLocalPreferences - drivers.mac.webdriver.chrome.driver=src/test/resources/webdriver/mac/chromedriver
11:46:33.967 [Test worker] DEBUG net.thucydides.core.util.PropertiesFileLocalPreferences - environments.prod.webdriver.base.url=https://serenity.is
11:46:34.278 [Test worker] INFO io.cucumber.core.plugin.SerenityReporter - Running feature from file:///C:/Users/mcalifau/Desktop/Automation_Full_Ex/src/test/resources/features/HomePage/Load_HomePage.feature
11:46:34.486 [Test worker] DEBUG net.thucydides.core.util.PropertiesFileLocalPreferences - environments.dev.webdriver.base.url=https://serenity.is
11:46:34.487 [Test worker] DEBUG net.thucydides.core.util.PropertiesFileLocalPreferences - webdriver.driver=chrome
11:46:34.487 [Test worker] DEBUG net.thucydides.core.util.PropertiesFileLocalPreferences - drivers.windows.webdriver.chrome.driver=src/test/resources/webdriver/windows/chromedriver.exe
11:46:34.487 [Test worker] DEBUG net.thucydides.core.util.PropertiesFileLocalPreferences - drivers.linux.webdriver.gecko.driver=src/test/resources/webdriver/linux/geckodriver
11:46:34.487 [Test worker] DEBUG net.thucydides.core.util.PropertiesFileLocalPreferences - environments.staging.webdriver.base.url=https://serenity.is
11:46:34.487 [Test worker] DEBUG net.thucydides.core.util.PropertiesFileLocalPreferences - environments.default.webdriver.base.url=https://serenity.is
11:46:34.488 [Test worker] DEBUG net.thucydides.core.util.PropertiesFileLocalPreferences - drivers.linux.webdriver.chrome.driver=src/test/resources/webdriver/linux/chromedriver
11:46:34.488 [Test worker] DEBUG net.thucydides.core.util.PropertiesFileLocalPreferences - drivers.windows.webdriver.gecko.driver=src/test/resources/webdriver/windows/geckodriver.exe
11:46:34.488 [Test worker] DEBUG net.thucydides.core.util.PropertiesFileLocalPreferences - chrome.switches=--start-maximized;--test-type;--no-sandbox;--ignore-certificate-errors;\r\n                   --disable-popup-blocking;--disable-default-apps;--disable-extensions-file-access-check;\r\n                   --incognito;--disable-infobars,--disable-gpu
11:46:34.488 [Test worker] DEBUG net.thucydides.core.util.PropertiesFileLocalPreferences - drivers.mac.webdriver.gecko.driver=src/test/resources/webdriver/mac/geckodriver
11:46:34.488 [Test worker] DEBUG net.thucydides.core.util.PropertiesFileLocalPreferences - drivers.mac.webdriver.chrome.driver=src/test/resources/webdriver/mac/chromedriver
11:46:34.489 [Test worker] DEBUG net.thucydides.core.util.PropertiesFileLocalPreferences - environments.prod.webdriver.base.url=https://serenity.is
11:46:34.496 [Test worker] INFO  - 

-------------------------------------------------------------------------------------
     _______. _______ .______       _______ .__   __.  __  .___________.____    ____ 
    /       ||   ____||   _  \     |   ____||  \ |  | |  | |           |\   \  /   / 
   |   (----`|  |__   |  |_)  |    |  |__   |   \|  | |  | `---|  |----` \   \/   /  
    \   \    |   __|  |      /     |   __|  |  . `  | |  |     |  |       \_    _/   
.----)   |   |  |____ |  |\  \----.|  |____ |  |\   | |  |     |  |         |  |     
|_______/    |_______|| _| `._____||_______||__| \__| |__|     |__|         |__|    
                                                                                     
 News and tutorials at http://www.serenity-bdd.info                                  
 Documentation at https://wakaleo.gitbooks.io/the-serenity-book/content/             
 Join the Serenity Community on Gitter: https://gitter.im/serenity-bdd/serenity-core 
 Serenity BDD Support and Training at http://serenity-bdd.info/#/trainingandsupport  
-------------------------------------------------------------------------------------

11:46:34.501 [Test worker] DEBUG net.thucydides.core.steps.StepEventBus - Test suite started for story net.thucydides.core.model.Story@8819dd9
11:46:34.505 [Test worker] INFO  - Test Suite Started: Load HomePage
11:46:34.524 [Test worker] INFO io.cucumber.core.plugin.SerenityReporter - Running feature from file:///C:/Users/mcalifau/Desktop/Automation_Full_Ex/src/test/resources/features/Login/LoginForm.feature
11:46:34.530 [Test worker] DEBUG net.thucydides.core.steps.StepEventBus - Test suite started for story net.thucydides.core.model.Story@ae1de226
11:46:34.533 [Test worker] INFO  - Test Suite Started: Login

2 Scenarios (?[32m2 passed?[0m)
6 Steps (?[32m6 passed?[0m)
0m46,009s


11:47:20.284 [Test worker] DEBUG net.thucydides.core.reports.ReportService - Reporting formats: [JSON, HTML]
11:47:20.342 [Test worker] DEBUG net.thucydides.core.reports.ReportService - Reporting formats: [JSON, HTML]
11:47:20.354 [Test worker] DEBUG net.thucydides.core.reports.ReportService - Generating reports for 2 test outcomes using: net.thucydides.core.reports.json.JSONTestOutcomeReporter@11174bf
11:47:20.355 [pool-1-thread-1] DEBUG net.thucydides.core.reports.ReportService - Processing test outcome Load HomePage:Getting In To The Website
11:47:20.355 [pool-1-thread-1] INFO net.thucydides.core.reports.ReportService - net.thucydides.core.reports.json.JSONTestOutcomeReporter@11174bf: Generating report for test outcome: Load HomePage:Getting In To The Website
11:47:20.355 [pool-1-thread-2] DEBUG net.thucydides.core.reports.ReportService - Processing test outcome Login:Login on The Website
11:47:20.355 [pool-1-thread-2] INFO net.thucydides.core.reports.ReportService - net.thucydides.core.reports.json.JSONTestOutcomeReporter@11174bf: Generating report for test outcome: Login:Login on The Website
11:47:20.361 [pool-1-thread-1] DEBUG net.thucydides.core.reports.json.JSONTestOutcomeReporter - Generating JSON report for Getting In To The Website to file C:\Users\mcalifau\Desktop\Automation_Full_Ex\target\site\serenity\c031036ee59c180ea224d589c813571411333d71386231ef66fec0a7e8abbf04.json (using temp file C:\Users\mcalifau\Desktop\Automation_Full_Ex\target\site\serenity\c031036ee59c180ea224d589c813571411333d71386231ef66fec0a7e8abbf04.jsonc982f814-0ba2-4d6a-97ec-a605193091b0)
11:47:20.361 [pool-1-thread-2] DEBUG net.thucydides.core.reports.json.JSONTestOutcomeReporter - Generating JSON report for Login on The Website to file C:\Users\mcalifau\Desktop\Automation_Full_Ex\target\site\serenity\bd95feb69800ac44a1590532098ff2cb0f49cc53b2558337245bb99542e8a17b.json (using temp file C:\Users\mcalifau\Desktop\Automation_Full_Ex\target\site\serenity\bd95feb69800ac44a1590532098ff2cb0f49cc53b2558337245bb99542e8a17b.json00aadd4d-9a49-485f-b04a-81f5e6cfbfc1)
11:47:20.395 [pool-1-thread-1] DEBUG net.thucydides.core.reports.ReportService - Processing test outcome Load HomePage:Getting In To The Website done
11:47:20.396 [pool-1-thread-2] DEBUG net.thucydides.core.reports.ReportService - Processing test outcome Login:Login on The Website done
11:47:20.396 [Test worker] DEBUG net.thucydides.core.reports.ReportService - Shutting down executor service
11:47:20.396 [Test worker] DEBUG net.thucydides.core.reports.ReportService - Reports generated in: 42 ms
11:47:20.397 [Test worker] DEBUG net.thucydides.core.reports.ReportService - Generating reports for 2 test outcomes using: net.thucydides.core.reports.html.HtmlAcceptanceTestReporter@6f6a2ac8
11:47:20.398 [pool-2-thread-1] DEBUG net.thucydides.core.reports.ReportService - Processing test outcome Load HomePage:Getting In To The Website
11:47:20.398 [pool-2-thread-2] DEBUG net.thucydides.core.reports.ReportService - Processing test outcome Login:Login on The Website
11:47:20.398 [pool-2-thread-2] INFO net.thucydides.core.reports.ReportService - net.thucydides.core.reports.html.HtmlAcceptanceTestReporter@6f6a2ac8: Generating report for test outcome: Login:Login on The Website
11:47:20.398 [pool-2-thread-1] INFO net.thucydides.core.reports.ReportService - net.thucydides.core.reports.html.HtmlAcceptanceTestReporter@6f6a2ac8: Generating report for test outcome: Load HomePage:Getting In To The Website
11:47:20.441 [pool-2-thread-2] DEBUG net.thucydides.core.requirements.model.cucumber.CucumberParser - Added feature Load HomePage
11:47:20.441 [pool-2-thread-1] DEBUG net.thucydides.core.requirements.model.cucumber.CucumberParser - Added feature Load HomePage
11:47:20.454 [pool-2-thread-2] DEBUG net.thucydides.core.requirements.model.cucumber.CucumberParser - Added feature Login
11:47:20.454 [pool-2-thread-1] DEBUG net.thucydides.core.requirements.model.cucumber.CucumberParser - Added feature Login
11:47:20.463 [pool-2-thread-1] DEBUG net.thucydides.core.requirements.BaseRequirementsService - Requirement found for test outcome Getting In To The Website-[]: Optional[Requirement{name='Load HomePage', type='feature' parent = 'Home page', cardNumber='null'}]
11:47:20.463 [pool-2-thread-2] DEBUG net.thucydides.core.requirements.BaseRequirementsService - Requirement found for test outcome Login on The Website-[]: Optional[Requirement{name='Login', type='feature' parent = 'Login', cardNumber='null'}]
11:47:20.465 [pool-2-thread-1] DEBUG net.thucydides.core.requirements.BaseRequirementsService - Requirement found for test outcome Getting In To The Website-[]: Optional[Requirement{name='Load HomePage', type='feature' parent = 'Home page', cardNumber='null'}]
11:47:20.466 [pool-2-thread-2] DEBUG net.thucydides.core.requirements.BaseRequirementsService - Requirement found for test outcome Login on The Website-[]: Optional[Requirement{name='Login', type='feature' parent = 'Login', cardNumber='null'}]
11:47:20.483 [pool-2-thread-1] DEBUG net.thucydides.core.requirements.BaseRequirementsService - Requirement found for test outcome Getting In To The Website-[]: Optional[Requirement{name='Load HomePage', type='feature' parent = 'Home page', cardNumber='null'}]
11:47:20.484 [pool-2-thread-1] DEBUG net.thucydides.core.requirements.BaseRequirementsService - Requirement found for test outcome Getting In To The Website-[]: Optional[Requirement{name='Load HomePage', type='feature' parent = 'Home page', cardNumber='null'}]
11:47:20.488 [pool-2-thread-1] DEBUG serenity.reporting - Generating report in c031036ee59c180ea224d589c813571411333d71386231ef66fec0a7e8abbf04_screenshots.html
11:47:20.493 [pool-2-thread-2] DEBUG net.thucydides.core.requirements.BaseRequirementsService - Requirement found for test outcome Login on The Website-[]: Optional[Requirement{name='Login', type='feature' parent = 'Login', cardNumber='null'}]
11:47:20.493 [pool-2-thread-2] DEBUG net.thucydides.core.requirements.BaseRequirementsService - Requirement found for test outcome Login on The Website-[]: Optional[Requirement{name='Login', type='feature' parent = 'Login', cardNumber='null'}]
11:47:20.494 [pool-2-thread-2] DEBUG serenity.reporting - Generating report in bd95feb69800ac44a1590532098ff2cb0f49cc53b2558337245bb99542e8a17b_screenshots.html
11:47:20.955 [pool-2-thread-1] DEBUG serenity.reporting - Generated report c031036ee59c180ea224d589c813571411333d71386231ef66fec0a7e8abbf04_screenshots.html in 467 ms
11:47:20.957 [pool-2-thread-2] DEBUG serenity.reporting - Generated report bd95feb69800ac44a1590532098ff2cb0f49cc53b2558337245bb99542e8a17b_screenshots.html in 463 ms
11:47:21.599 [pool-2-thread-2] DEBUG serenity.reporting - Generating report in bd95feb69800ac44a1590532098ff2cb0f49cc53b2558337245bb99542e8a17b.html
11:47:21.599 [pool-2-thread-1] DEBUG serenity.reporting - Generating report in c031036ee59c180ea224d589c813571411333d71386231ef66fec0a7e8abbf04.html
11:47:21.759 [pool-2-thread-1] DEBUG serenity.reporting - Generated report c031036ee59c180ea224d589c813571411333d71386231ef66fec0a7e8abbf04.html in 160 ms
11:47:21.759 [pool-2-thread-1] DEBUG net.thucydides.core.reports.ReportService - Processing test outcome Load HomePage:Getting In To The Website done
11:47:22.071 [pool-2-thread-2] DEBUG serenity.reporting - Generated report bd95feb69800ac44a1590532098ff2cb0f49cc53b2558337245bb99542e8a17b.html in 472 ms
11:47:22.071 [pool-2-thread-2] DEBUG net.thucydides.core.reports.ReportService - Processing test outcome Login:Login on The Website done
11:47:22.071 [Test worker] DEBUG net.thucydides.core.reports.ReportService - Shutting down executor service
11:47:22.071 [Test worker] DEBUG net.thucydides.core.reports.ReportService - Reports generated in: 1674 ms
11:47:22.194 [Test worker] INFO io.cucumber.core.plugin.SerenityReporter - Cleanup test resources for URI file:///C:/Users/mcalifau/Desktop/Automation_Full_Ex/src/test/resources/features/HomePage/Load_HomePage.feature
11:47:22.195 [Test worker] DEBUG net.serenitybdd.core.photography.Darkroom - Closing darkroom
11:47:22.196 [Darkroom Processing Line] DEBUG net.serenitybdd.core.photography.DarkroomProcessingLine - Darkroom processing line shutting down
11:47:22.197 [Test worker] INFO io.cucumber.core.plugin.SerenityReporter - Cleanup test resources for URI file:///C:/Users/mcalifau/Desktop/Automation_Full_Ex/src/test/resources/features/Login/LoginForm.feature
11:47:22.198 [Test worker] DEBUG net.serenitybdd.core.photography.Darkroom - Closing darkroom
11:47:22.198 [Darkroom Processing Line] DEBUG net.serenitybdd.core.photography.DarkroomProcessingLine - Darkroom processing line shutting down
]]></system-out>
  <system-err><![CDATA[]]></system-err>
</testsuite>
