<?xml version="1.0" encoding="UTF-8"?>
<testsuite name="Load HomePage" tests="1" skipped="0" failures="0" errors="0" timestamp="2021-12-13T02:46:22" hostname="LSTKBO220164" time="16.889">
  <properties/>
  <testcase name="Getting In To The Website" classname="Load HomePage" time="16.889"/>
  <system-out><![CDATA[21:46:22.461 [Test worker] INFO io.cucumber.core.plugin.SerenityReporter - Running feature from file:///C:/Users/miguel.califa/Desktop/serenitybddrestinspanishtrainingv2/src/test/resources/features/HomePage/Load_HomePage.feature
21:46:22.642 [Test worker] INFO  - 
  _____   ___   ___   _____     ___   _____     _     ___   _____   ___   ___  
 |_   _| | __| / __| |_   _|   / __| |_   _|   /_\   | _ \ |_   _| | __| |   \ 
   | |   | _|  \__ \   | |     \__ \   | |    / _ \  |   /   | |   | _|  | |) |
   |_|   |___| |___/   |_|     |___/   |_|   /_/ \_\ |_|_\   |_|   |___| |___/ 

Getting In To The Website(load-homepage;getting-in-to-the-website)
--------------------------------------------------------------------------------
21:46:22.768 [Test worker] DEBUG net.thucydides.core.requirements.model.cucumber.CucumberParser - Added feature Load HomePage
21:46:23.396 [Test worker] DEBUG net.thucydides.core.steps.StepInterceptor - STARTING STEP: HomePageStepDefinition.on_the_automationpractice_homepage - !#title
21:46:23.427 [Test worker] DEBUG net.thucydides.core.steps.StepInterceptor - STARTING STEP: HomePageStepDefinition.on_the_automationpractice_homepage - {0} opens the #targetPageName
21:46:23.552 [Test worker] INFO net.serenitybdd.core.webdriver.driverproviders.ChromeDriverProvider - Using automatically driver download
21:46:24.192 [Test worker] DEBUG io.github.bonigarcia.wdm.cache.ResolutionCache - Resolution chrome=96 in cache (valid until 22:10:14 12/12/2021 COT)
21:46:24.195 [Test worker] DEBUG io.github.bonigarcia.wdm.cache.ResolutionCache - Resolution chrome96=96.0.4664.45 in cache (valid until 13:16:29 13/12/2021 COT)
21:46:24.196 [Test worker] INFO io.github.bonigarcia.wdm.WebDriverManager - Using chromedriver 96.0.4664.45 (resolved driver for Chrome 96)
21:46:24.206 [Test worker] DEBUG io.github.bonigarcia.wdm.WebDriverManager - Driver chromedriver 96.0.4664.45 found in cache
21:46:24.208 [Test worker] INFO io.github.bonigarcia.wdm.WebDriverManager - Exporting webdriver.chrome.driver as C:\Users\miguel.califa\.cache\selenium\chromedriver\win32\96.0.4664.45\chromedriver.exe
21:46:25.585 [Test worker] INFO net.serenitybdd.core.webdriver.driverproviders.ProvideNewDriver - Instantiating driver
21:46:25.585 [Test worker] INFO net.serenitybdd.core.webdriver.driverproviders.ProvideNewDriver - Driver capabilities: Capabilities {acceptInsecureCerts: false, browserName: chrome, chrome.switches: --start-maximized;--test-ty..., goog:chromeOptions: {args: [--start-maximized, --test-type, --no-sandbox, --ignore-certificate-errors..., --disable-popup-blocking, --disable-default-apps, --disable-extensions-file-a..., --incognito, --disable-infobars, --disable-gpu], extensions: []}, loggingPrefs: org.openqa.selenium.logging...}
21:46:33.584 [Test worker] DEBUG net.serenitybdd.core.photography.Darkroom - Opening darkroom
21:46:33.585 [Darkroom Processing Line] DEBUG net.serenitybdd.core.photography.DarkroomProcessingLine - Darkroom processing line starting up
21:46:34.670 [Test worker] DEBUG net.serenitybdd.core.photography.Darkroom - Send negative for processing for C:\Users\miguel.califa\Desktop\serenitybddrestinspanishtrainingv2\target\site\serenity\21c2ff3ba4d9e2b0359f7c6b6590bc28d2d324c2b2eaa7b3bb371c96d53bc616.png
21:46:34.671 [Darkroom Processing Line] DEBUG net.serenitybdd.core.photography.DarkroomProcessingLine - Processing screenshot image in /var/screenshots/screenshot-9519598094266762707
21:46:34.672 [Darkroom Processing Line] DEBUG net.serenitybdd.core.photography.DarkroomProcessingLine - Saving screenshot to C:\Users\miguel.califa\Desktop\serenitybddrestinspanishtrainingv2\target\site\serenity\21c2ff3ba4d9e2b0359f7c6b6590bc28d2d324c2b2eaa7b3bb371c96d53bc616.png
21:46:34.676 [Test worker] DEBUG net.thucydides.core.steps.StepInterceptor - STEP DONE: {0} opens the #targetPageName
21:46:34.718 [Test worker] DEBUG net.thucydides.core.steps.StepInterceptor - STEP DONE: !#title
21:46:35.355 [Test worker] DEBUG net.serenitybdd.core.photography.Darkroom - Send negative for processing for C:\Users\miguel.califa\Desktop\serenitybddrestinspanishtrainingv2\target\site\serenity\21c2ff3ba4d9e2b0359f7c6b6590bc28d2d324c2b2eaa7b3bb371c96d53bc616.png
21:46:36.263 [Test worker] DEBUG net.serenitybdd.core.photography.Darkroom - Send negative for processing for C:\Users\miguel.califa\Desktop\serenitybddrestinspanishtrainingv2\target\site\serenity\21c2ff3ba4d9e2b0359f7c6b6590bc28d2d324c2b2eaa7b3bb371c96d53bc616.png
21:46:37.187 [Test worker] DEBUG net.serenitybdd.core.photography.Darkroom - Send negative for processing for C:\Users\miguel.califa\Desktop\serenitybddrestinspanishtrainingv2\target\site\serenity\b17ac7577d8234bc660233f11e602f4e46689521f1774cfc736db383e6ca8d65.png
21:46:37.188 [Darkroom Processing Line] DEBUG net.serenitybdd.core.photography.DarkroomProcessingLine - Processing screenshot image in /var/screenshots/screenshot-15152568257579152631
21:46:37.189 [Darkroom Processing Line] DEBUG net.serenitybdd.core.photography.DarkroomProcessingLine - Saving screenshot to C:\Users\miguel.califa\Desktop\serenitybddrestinspanishtrainingv2\target\site\serenity\b17ac7577d8234bc660233f11e602f4e46689521f1774cfc736db383e6ca8d65.png
21:46:37.199 [Test worker] DEBUG net.serenitybdd.screenplay.targets.IFrameSwitcher - default content already selected for By.cssSelector: .container
21:46:38.157 [Test worker] DEBUG net.serenitybdd.core.photography.Darkroom - Send negative for processing for C:\Users\miguel.califa\Desktop\serenitybddrestinspanishtrainingv2\target\site\serenity\fc01b33865d56bab9944f15731b80cfd3b112de86d964fe784a454e58cf2cac3.png
21:46:38.158 [Darkroom Processing Line] DEBUG net.serenitybdd.core.photography.DarkroomProcessingLine - Processing screenshot image in /var/screenshots/screenshot-631585083471586111
21:46:38.158 [Darkroom Processing Line] DEBUG net.serenitybdd.core.photography.DarkroomProcessingLine - Saving screenshot to C:\Users\miguel.califa\Desktop\serenitybddrestinspanishtrainingv2\target\site\serenity\fc01b33865d56bab9944f15731b80cfd3b112de86d964fe784a454e58cf2cac3.png
21:46:39.065 [Test worker] INFO  - 
  _____   ___   ___   _____     ___     _     ___   ___   ___   ___  
 |_   _| | __| / __| |_   _|   | _ \   /_\   / __| / __| | __| |   \ 
   | |   | _|  \__ \   | |     |  _/  / _ \  \__ \ \__ \ | _|  | |) |
   |_|   |___| |___/   |_|     |_|   /_/ \_\ |___/ |___/ |___| |___/ 

Getting In To The Website
----------------------------------------------------------------------
]]></system-out>
  <system-err><![CDATA[Starting ChromeDriver 96.0.4664.45 (76e4c1bb2ab4671b8beba3444e61c0f17584b2fc-refs/branch-heads/4664@{#947}) on port 48250
Only local connections are allowed.
Please see https://chromedriver.chromium.org/security-considerations for suggestions on keeping ChromeDriver safe.
ChromeDriver was started successfully.
dic. 12, 2021 9:46:27 P. M. org.openqa.selenium.remote.ProtocolHandshake createSession
INFORMACIÃ“N: Detected dialect: W3C
]]></system-err>
</testsuite>
