<?xml version="1.0" encoding="UTF-8"?>
<testsuite name="Register" tests="1" skipped="0" failures="0" errors="0" timestamp="2021-12-13T03:48:58" hostname="LSTKBO220164" time="21.282">
  <properties/>
  <testcase name="Register on The Website" classname="Register" time="21.282"/>
  <system-out><![CDATA[22:48:58.328 [Test worker] INFO io.cucumber.core.plugin.SerenityReporter - Running feature from file:///C:/Users/miguel.califa/Desktop/serenitybddrestinspanishtrainingv2/src/test/resources/features/Register/RegisterForm.feature
22:48:58.333 [Test worker] INFO  - 
  _____   ___   ___   _____     ___   _____     _     ___   _____   ___   ___  
 |_   _| | __| / __| |_   _|   / __| |_   _|   /_\   | _ \ |_   _| | __| |   \ 
   | |   | _|  \__ \   | |     \__ \   | |    / _ \  |   /   | |   | _|  | |) |
   |_|   |___| |___/   |_|     |___/   |_|   /_/ \_\ |_|_\   |_|   |___| |___/ 

Register on The Website(register;register-on-the-website)
--------------------------------------------------------------------------------
22:48:58.355 [Test worker] DEBUG net.thucydides.core.steps.StepInterceptor - STARTING STEP: RegisterFormStepDefinition.on_the_automationpractice_homepage - !#title
22:48:58.360 [Test worker] DEBUG net.thucydides.core.steps.StepInterceptor - STARTING STEP: RegisterFormStepDefinition.on_the_automationpractice_homepage - {0} opens the #targetPageName
22:48:58.385 [Test worker] INFO net.serenitybdd.core.webdriver.driverproviders.ChromeDriverProvider - Using automatically driver download
22:48:58.397 [Test worker] DEBUG io.github.bonigarcia.wdm.cache.ResolutionCache - Resolution chrome=96 in cache (valid until 23:11:04 12/12/2021 COT)
22:48:58.400 [Test worker] DEBUG io.github.bonigarcia.wdm.cache.ResolutionCache - Resolution chrome96=96.0.4664.45 in cache (valid until 13:16:29 13/12/2021 COT)
22:48:58.400 [Test worker] INFO io.github.bonigarcia.wdm.WebDriverManager - Using chromedriver 96.0.4664.45 (resolved driver for Chrome 96)
22:48:58.406 [Test worker] DEBUG io.github.bonigarcia.wdm.WebDriverManager - Driver chromedriver 96.0.4664.45 found in cache
22:48:58.407 [Test worker] INFO io.github.bonigarcia.wdm.WebDriverManager - Exporting webdriver.chrome.driver as C:\Users\miguel.califa\.cache\selenium\chromedriver\win32\96.0.4664.45\chromedriver.exe
22:48:58.980 [Test worker] INFO net.serenitybdd.core.webdriver.driverproviders.ProvideNewDriver - Instantiating driver
22:48:58.980 [Test worker] INFO net.serenitybdd.core.webdriver.driverproviders.ProvideNewDriver - Driver capabilities: Capabilities {acceptInsecureCerts: false, browserName: chrome, chrome.switches: --start-maximized;--test-ty..., goog:chromeOptions: {args: [--start-maximized, --test-type, --no-sandbox, --ignore-certificate-errors..., --disable-popup-blocking, --disable-default-apps, --disable-extensions-file-a..., --incognito, --disable-infobars, --disable-gpu], extensions: []}, loggingPrefs: org.openqa.selenium.logging...}
22:49:08.180 [Test worker] DEBUG net.serenitybdd.core.photography.Darkroom - Opening darkroom
22:49:08.183 [Darkroom Processing Line] DEBUG net.serenitybdd.core.photography.DarkroomProcessingLine - Darkroom processing line starting up
22:49:08.979 [Test worker] DEBUG net.serenitybdd.core.photography.Darkroom - Send negative for processing for C:\Users\miguel.califa\Desktop\serenitybddrestinspanishtrainingv2\target\site\serenity\969a93b8557c1a998264e15c652c6fac8dd758e35c54f150d1bec62b31fb08e4.png
22:49:08.980 [Test worker] DEBUG net.thucydides.core.steps.StepInterceptor - STEP DONE: {0} opens the #targetPageName
22:49:08.994 [Test worker] DEBUG net.thucydides.core.steps.StepInterceptor - STEP DONE: !#title
22:49:09.766 [Test worker] DEBUG net.serenitybdd.core.photography.Darkroom - Send negative for processing for C:\Users\miguel.califa\Desktop\serenitybddrestinspanishtrainingv2\target\site\serenity\969a93b8557c1a998264e15c652c6fac8dd758e35c54f150d1bec62b31fb08e4.png
22:49:09.768 [Test worker] DEBUG net.thucydides.core.steps.StepInterceptor - STARTING STEP: RegisterFormStepDefinition.on_the_automationpractice_homepage - !#title
22:49:09.794 [Test worker] DEBUG net.thucydides.core.steps.StepInterceptor - STARTING STEP: RegisterFormStepDefinition.on_the_automationpractice_homepage - {0} clicks on #locators
22:49:12.523 [Test worker] DEBUG net.serenitybdd.core.photography.Darkroom - Send negative for processing for C:\Users\miguel.califa\Desktop\serenitybddrestinspanishtrainingv2\target\site\serenity\bb81835a56d3f2e6baf2feded04a17f41d11b66430dd8f5cefd2f5ece0550a00.png
22:49:12.525 [Test worker] DEBUG net.thucydides.core.steps.StepInterceptor - STEP DONE: {0} clicks on #locators
22:49:12.525 [Darkroom Processing Line] DEBUG net.serenitybdd.core.photography.DarkroomProcessingLine - Processing screenshot image in /var/screenshots/screenshot-3164290371670251818
22:49:12.525 [Darkroom Processing Line] DEBUG net.serenitybdd.core.photography.DarkroomProcessingLine - Saving screenshot to C:\Users\miguel.califa\Desktop\serenitybddrestinspanishtrainingv2\target\site\serenity\bb81835a56d3f2e6baf2feded04a17f41d11b66430dd8f5cefd2f5ece0550a00.png
22:49:12.549 [Test worker] DEBUG net.thucydides.core.steps.StepInterceptor - STEP DONE: !#title
22:49:12.890 [Test worker] DEBUG net.serenitybdd.core.photography.Darkroom - Send negative for processing for C:\Users\miguel.califa\Desktop\serenitybddrestinspanishtrainingv2\target\site\serenity\bb81835a56d3f2e6baf2feded04a17f41d11b66430dd8f5cefd2f5ece0550a00.png
22:49:13.242 [Test worker] DEBUG net.serenitybdd.core.photography.Darkroom - Send negative for processing for C:\Users\miguel.califa\Desktop\serenitybddrestinspanishtrainingv2\target\site\serenity\bb81835a56d3f2e6baf2feded04a17f41d11b66430dd8f5cefd2f5ece0550a00.png
22:49:13.244 [Test worker] DEBUG net.thucydides.core.steps.StepInterceptor - STARTING STEP: RegisterFormStepDefinition.search_for - !#title
22:49:13.265 [Test worker] DEBUG net.thucydides.core.steps.StepInterceptor - STARTING STEP: RegisterFormStepDefinition.search_for - {0} clears field #locators
22:49:17.788 [Test worker] DEBUG net.serenitybdd.core.photography.Darkroom - Send negative for processing for C:\Users\miguel.califa\Desktop\serenitybddrestinspanishtrainingv2\target\site\serenity\bb81835a56d3f2e6baf2feded04a17f41d11b66430dd8f5cefd2f5ece0550a00.png
22:49:17.848 [Test worker] WARN net.serenitybdd.screenplay.targets.EnsureFieldVisible - Failed to move to target
org.openqa.selenium.NoSuchElementException: no such element: Unable to locate element: {"method":"xpath","selector":"/html/body/div[2]/div[2]/div/div[3]/div/div/div[1]/form/div/div[2]/input"}
  (Session info: chrome=96.0.4664.93)
For documentation on this error, please visit: https://www.seleniumhq.org/exceptions/no_such_element.html
Build info: version: '3.141.59', revision: 'e82be7d358', time: '2018-11-14T08:17:03'
System info: host: 'LSTKBO220164', ip: '192.168.1.24', os.name: 'Windows 10', os.arch: 'amd64', os.version: '10.0', java.version: '11.0.11'
Driver info: org.openqa.selenium.chrome.ChromeDriver
Capabilities {acceptInsecureCerts: false, browserName: chrome, browserVersion: 96.0.4664.93, chrome: {chromedriverVersion: 96.0.4664.45 (76e4c1bb2ab46..., userDataDir: C:\Users\MIGUEL~1.CAL\AppDa...}, goog:chromeOptions: {debuggerAddress: localhost:52327}, javascriptEnabled: true, networkConnectionEnabled: false, pageLoadStrategy: normal, platform: WINDOWS, platformName: WINDOWS, proxy: Proxy(), setWindowRect: true, strictFileInteractability: false, timeouts: {implicit: 0, pageLoad: 300000, script: 30000}, unhandledPromptBehavior: dismiss and notify, webauthn:extension:credBlob: true, webauthn:extension:largeBlob: true, webauthn:virtualAuthenticators: true}
Session ID: caaea3ded20495bbfeb3ef6e41ffa8c9
*** Element info: {Using=xpath, value=/html/body/div[2]/div[2]/div/div[3]/div/div/div[1]/form/div/div[2]/input}
	at java.base/jdk.internal.reflect.NativeConstructorAccessorImpl.newInstance0(Native Method)
	at java.base/jdk.internal.reflect.NativeConstructorAccessorImpl.newInstance(NativeConstructorAccessorImpl.java:62)
	at java.base/jdk.internal.reflect.DelegatingConstructorAccessorImpl.newInstance(DelegatingConstructorAccessorImpl.java:45)
	at java.base/java.lang.reflect.Constructor.newInstance(Constructor.java:490)
	at org.openqa.selenium.remote.http.W3CHttpResponseCodec.createException(W3CHttpResponseCodec.java:187)
	at org.openqa.selenium.remote.http.W3CHttpResponseCodec.decode(W3CHttpResponseCodec.java:122)
	at org.openqa.selenium.remote.http.W3CHttpResponseCodec.decode(W3CHttpResponseCodec.java:49)
	at org.openqa.selenium.remote.HttpCommandExecutor.execute(HttpCommandExecutor.java:158)
	at org.openqa.selenium.remote.service.DriverCommandExecutor.execute(DriverCommandExecutor.java:83)
	at org.openqa.selenium.remote.RemoteWebDriver.execute(RemoteWebDriver.java:552)
	at org.openqa.selenium.remote.RemoteWebDriver.findElement(RemoteWebDriver.java:323)
	at org.openqa.selenium.remote.RemoteWebDriver.findElementByXPath(RemoteWebDriver.java:428)
	at org.openqa.selenium.By$ByXPath.findElement(By.java:353)
	at org.openqa.selenium.remote.RemoteWebDriver.findElement(RemoteWebDriver.java:315)
	at net.thucydides.core.webdriver.WebDriverFacade.findElement(WebDriverFacade.java:222)
	at net.serenitybdd.core.pages.WebElementResolverByLocator.resolveForDriver(WebElementResolverByLocator.java:25)
	at net.serenitybdd.core.pages.WebElementFacadeImpl.getResolvedElement(WebElementFacadeImpl.java:231)
	at net.serenitybdd.core.pages.WebElementFacadeImpl.getElement(WebElementFacadeImpl.java:226)
	at net.thucydides.core.webdriver.javascript.JavascriptExecutorFacade.webElementOrPrimitiveTypeOf(JavascriptExecutorFacade.java:88)
	at net.thucydides.core.webdriver.javascript.JavascriptExecutorFacade.lambda$extractedWebElementsAndPrimitiveTypesFrom$0(JavascriptExecutorFacade.java:82)
	at java.base/java.util.stream.ReferencePipeline$3$1.accept(ReferencePipeline.java:195)
	at java.base/java.util.Spliterators$ArraySpliterator.forEachRemaining(Spliterators.java:948)
	at java.base/java.util.stream.AbstractPipeline.copyInto(AbstractPipeline.java:484)
	at java.base/java.util.stream.AbstractPipeline.wrapAndCopyInto(AbstractPipeline.java:474)
	at java.base/java.util.stream.ReduceOps$ReduceOp.evaluateSequential(ReduceOps.java:913)
	at java.base/java.util.stream.AbstractPipeline.evaluate(AbstractPipeline.java:234)
	at java.base/java.util.stream.ReferencePipeline.collect(ReferencePipeline.java:578)
	at net.thucydides.core.webdriver.javascript.JavascriptExecutorFacade.extractedWebElementsAndPrimitiveTypesFrom(JavascriptExecutorFacade.java:83)
	at net.thucydides.core.webdriver.javascript.JavascriptExecutorFacade.executeScript(JavascriptExecutorFacade.java:71)
	at net.serenitybdd.core.pages.PageObject.evaluateJavascript(PageObject.java:1208)
	at net.serenitybdd.screenplay.actions.ScrollTo.performScrollTo(ScrollTo.java:23)
	at net.serenitybdd.screenplay.actions.ScrollToWebElement.performAs(ScrollToWebElement.java:14)
	at net.serenitybdd.screenplay.Actor.performTask(Actor.java:252)
	at net.serenitybdd.screenplay.Actor.perform(Actor.java:233)
	at net.serenitybdd.screenplay.Actor.performWithoutReporting(Actor.java:217)
	at net.serenitybdd.screenplay.Actor.attemptsTo(Actor.java:176)
	at net.serenitybdd.screenplay.targets.EnsureFieldVisible.canSee(EnsureFieldVisible.java:26)
	at net.serenitybdd.screenplay.actions.ByAction.resolveFor(ByAction.java:27)
	at net.serenitybdd.screenplay.actions.ClearBy$ByteBuddy$s3Wj66Dl.resolveFor$accessor$o2rxZHwW(Unknown Source)
	at java.base/jdk.internal.reflect.NativeMethodAccessorImpl.invoke0(Native Method)
	at java.base/jdk.internal.reflect.NativeMethodAccessorImpl.invoke(NativeMethodAccessorImpl.java:62)
	at java.base/jdk.internal.reflect.DelegatingMethodAccessorImpl.invoke(DelegatingMethodAccessorImpl.java:43)
	at java.base/java.lang.reflect.Method.invoke(Method.java:566)
	at net.thucydides.core.steps.BaseMethodRunner.invokeMethod(BaseMethodRunner.java:18)
	at net.thucydides.core.steps.NormalMethodRunner.invokeMethodAndNotifyFailures(NormalMethodRunner.java:18)
	at net.thucydides.core.steps.StepInterceptor.runNormalMethod(StepInterceptor.java:398)
	at net.thucydides.core.steps.StepInterceptor.testStepResult(StepInterceptor.java:183)
	at net.thucydides.core.steps.StepInterceptor.intercept(StepInterceptor.java:76)
	at net.thucydides.core.steps.ProxyConfiguration$InterceptorDispatcher.intercept(ProxyConfiguration.java:51)
	at net.serenitybdd.screenplay.actions.ClearBy$ByteBuddy$s3Wj66Dl.resolveFor(Unknown Source)
	at net.serenitybdd.screenplay.actions.ClearBy.performAs(ClearBy.java:13)
	at net.serenitybdd.screenplay.actions.ClearBy$ByteBuddy$s3Wj66Dl.performAs$accessor$o2rxZHwW(Unknown Source)
	at java.base/jdk.internal.reflect.NativeMethodAccessorImpl.invoke0(Native Method)
	at java.base/jdk.internal.reflect.NativeMethodAccessorImpl.invoke(NativeMethodAccessorImpl.java:62)
	at java.base/jdk.internal.reflect.DelegatingMethodAccessorImpl.invoke(DelegatingMethodAccessorImpl.java:43)
	at java.base/java.lang.reflect.Method.invoke(Method.java:566)
	at net.thucydides.core.steps.StepInterceptor.invokeMethod(StepInterceptor.java:492)
	at net.thucydides.core.steps.StepInterceptor.executeTestStepMethod(StepInterceptor.java:472)
	at net.thucydides.core.steps.StepInterceptor.runTestStep(StepInterceptor.java:445)
	at net.thucydides.core.steps.StepInterceptor.runOrSkipMethod(StepInterceptor.java:201)
	at net.thucydides.core.steps.StepInterceptor.testStepResult(StepInterceptor.java:188)
	at net.thucydides.core.steps.StepInterceptor.intercept(StepInterceptor.java:76)
	at net.thucydides.core.steps.ProxyConfiguration$InterceptorDispatcher.intercept(ProxyConfiguration.java:51)
	at net.serenitybdd.screenplay.actions.ClearBy$ByteBuddy$s3Wj66Dl.performAs(Unknown Source)
	at net.serenitybdd.screenplay.Actor.performTask(Actor.java:252)
	at net.serenitybdd.screenplay.Actor.perform(Actor.java:233)
	at net.serenitybdd.screenplay.Actor.attemptsTo(Actor.java:178)
	at net.serenitybdd.screenplay.AnonymousPerformable.performAs(AnonymousPerformable.java:26)
	at net.serenitybdd.screenplay.AnonymousTask$ByteBuddy$a7w8BR2C.performAs$accessor$QRWYC0Zb(Unknown Source)
	at java.base/jdk.internal.reflect.NativeMethodAccessorImpl.invoke0(Native Method)
	at java.base/jdk.internal.reflect.NativeMethodAccessorImpl.invoke(NativeMethodAccessorImpl.java:62)
	at java.base/jdk.internal.reflect.DelegatingMethodAccessorImpl.invoke(DelegatingMethodAccessorImpl.java:43)
	at java.base/java.lang.reflect.Method.invoke(Method.java:566)
	at net.thucydides.core.steps.StepInterceptor.invokeMethod(StepInterceptor.java:492)
	at net.thucydides.core.steps.StepInterceptor.executeTestStepMethod(StepInterceptor.java:472)
	at net.thucydides.core.steps.StepInterceptor.runTestStep(StepInterceptor.java:445)
	at net.thucydides.core.steps.StepInterceptor.runOrSkipMethod(StepInterceptor.java:201)
	at net.thucydides.core.steps.StepInterceptor.testStepResult(StepInterceptor.java:188)
	at net.thucydides.core.steps.StepInterceptor.intercept(StepInterceptor.java:76)
	at net.thucydides.core.steps.ProxyConfiguration$InterceptorDispatcher.intercept(ProxyConfiguration.java:51)
	at net.serenitybdd.screenplay.AnonymousTask$ByteBuddy$a7w8BR2C.performAs(Unknown Source)
	at net.serenitybdd.screenplay.Actor.performTask(Actor.java:252)
	at net.serenitybdd.screenplay.Actor.perform(Actor.java:233)
	at net.serenitybdd.screenplay.Actor.attemptsTo(Actor.java:178)
	at net.serenitybdd.screenplay.actors.OnStage.withCurrentActor(OnStage.java:70)
	at starter.stepdefinitions.RegisterFormStepDefinition.search_for(RegisterFormStepDefinition.java:40)
	at java.base/jdk.internal.reflect.NativeMethodAccessorImpl.invoke0(Native Method)
	at java.base/jdk.internal.reflect.NativeMethodAccessorImpl.invoke(NativeMethodAccessorImpl.java:62)
	at java.base/jdk.internal.reflect.DelegatingMethodAccessorImpl.invoke(DelegatingMethodAccessorImpl.java:43)
	at java.base/java.lang.reflect.Method.invoke(Method.java:566)
	at io.cucumber.java.Invoker.doInvoke(Invoker.java:66)
	at io.cucumber.java.Invoker.invoke(Invoker.java:24)
	at io.cucumber.java.AbstractGlueDefinition.invokeMethod(AbstractGlueDefinition.java:47)
	at io.cucumber.java.JavaStepDefinition.execute(JavaStepDefinition.java:29)
	at io.cucumber.core.runner.CoreStepDefinition.execute(CoreStepDefinition.java:66)
	at io.cucumber.core.runner.PickleStepDefinitionMatch.runStep(PickleStepDefinitionMatch.java:63)
	at io.cucumber.core.runner.ExecutionMode$1.execute(ExecutionMode.java:10)
	at io.cucumber.core.runner.TestStep.executeStep(TestStep.java:92)
	at io.cucumber.core.runner.TestStep.run(TestStep.java:64)
	at io.cucumber.core.runner.PickleStepTestStep.run(PickleStepTestStep.java:51)
	at io.cucumber.core.runner.TestCase.run(TestCase.java:104)
	at io.cucumber.core.runner.Runner.runPickle(Runner.java:73)
	at io.cucumber.junit.PickleRunners$NoStepDescriptions.run(PickleRunners.java:151)
	at io.cucumber.junit.FeatureRunner.runChild(FeatureRunner.java:135)
	at io.cucumber.junit.FeatureRunner.runChild(FeatureRunner.java:27)
	at org.junit.runners.ParentRunner$4.run(ParentRunner.java:331)
	at org.junit.runners.ParentRunner$1.schedule(ParentRunner.java:79)
	at org.junit.runners.ParentRunner.runChildren(ParentRunner.java:329)
	at org.junit.runners.ParentRunner.access$100(ParentRunner.java:66)
	at org.junit.runners.ParentRunner$2.evaluate(ParentRunner.java:293)
	at org.junit.runners.ParentRunner$3.evaluate(ParentRunner.java:306)
	at org.junit.runners.ParentRunner.run(ParentRunner.java:413)
	at io.cucumber.junit.CucumberSerenityRunner.runChild(CucumberSerenityRunner.java:235)
	at io.cucumber.junit.CucumberSerenityRunner.runChild(CucumberSerenityRunner.java:54)
	at org.junit.runners.ParentRunner$4.run(ParentRunner.java:331)
	at org.junit.runners.ParentRunner$1.schedule(ParentRunner.java:79)
	at org.junit.runners.ParentRunner.runChildren(ParentRunner.java:329)
	at org.junit.runners.ParentRunner.access$100(ParentRunner.java:66)
	at org.junit.runners.ParentRunner$2.evaluate(ParentRunner.java:293)
	at io.cucumber.junit.CucumberSerenityRunner$RunCucumber.evaluate(CucumberSerenityRunner.java:263)
	at org.junit.runners.ParentRunner$3.evaluate(ParentRunner.java:306)
	at org.junit.runners.ParentRunner.run(ParentRunner.java:413)
	at org.gradle.api.internal.tasks.testing.junit.JUnitTestClassExecutor.runTestClass(JUnitTestClassExecutor.java:110)
	at org.gradle.api.internal.tasks.testing.junit.JUnitTestClassExecutor.execute(JUnitTestClassExecutor.java:58)
	at org.gradle.api.internal.tasks.testing.junit.JUnitTestClassExecutor.execute(JUnitTestClassExecutor.java:38)
	at org.gradle.api.internal.tasks.testing.junit.AbstractJUnitTestClassProcessor.processTestClass(AbstractJUnitTestClassProcessor.java:62)
	at org.gradle.api.internal.tasks.testing.SuiteTestClassProcessor.processTestClass(SuiteTestClassProcessor.java:51)
	at java.base/jdk.internal.reflect.NativeMethodAccessorImpl.invoke0(Native Method)
	at java.base/jdk.internal.reflect.NativeMethodAccessorImpl.invoke(NativeMethodAccessorImpl.java:62)
	at java.base/jdk.internal.reflect.DelegatingMethodAccessorImpl.invoke(DelegatingMethodAccessorImpl.java:43)
	at java.base/java.lang.reflect.Method.invoke(Method.java:566)
	at org.gradle.internal.dispatch.ReflectionDispatch.dispatch(ReflectionDispatch.java:36)
	at org.gradle.internal.dispatch.ReflectionDispatch.dispatch(ReflectionDispatch.java:24)
	at org.gradle.internal.dispatch.ContextClassLoaderDispatch.dispatch(ContextClassLoaderDispatch.java:33)
	at org.gradle.internal.dispatch.ProxyDispatchAdapter$DispatchingInvocationHandler.invoke(ProxyDispatchAdapter.java:94)
	at com.sun.proxy.$Proxy2.processTestClass(Unknown Source)
	at org.gradle.api.internal.tasks.testing.worker.TestWorker.processTestClass(TestWorker.java:118)
	at java.base/jdk.internal.reflect.NativeMethodAccessorImpl.invoke0(Native Method)
	at java.base/jdk.internal.reflect.NativeMethodAccessorImpl.invoke(NativeMethodAccessorImpl.java:62)
	at java.base/jdk.internal.reflect.DelegatingMethodAccessorImpl.invoke(DelegatingMethodAccessorImpl.java:43)
	at java.base/java.lang.reflect.Method.invoke(Method.java:566)
	at org.gradle.internal.dispatch.ReflectionDispatch.dispatch(ReflectionDispatch.java:36)
	at org.gradle.internal.dispatch.ReflectionDispatch.dispatch(ReflectionDispatch.java:24)
	at org.gradle.internal.remote.internal.hub.MessageHubBackedObjectConnection$DispatchWrapper.dispatch(MessageHubBackedObjectConnection.java:182)
	at org.gradle.internal.remote.internal.hub.MessageHubBackedObjectConnection$DispatchWrapper.dispatch(MessageHubBackedObjectConnection.java:164)
	at org.gradle.internal.remote.internal.hub.MessageHub$Handler.run(MessageHub.java:412)
	at org.gradle.internal.concurrent.ExecutorPolicy$CatchAndRecordFailures.onExecute(ExecutorPolicy.java:64)
	at org.gradle.internal.concurrent.ManagedExecutorImpl$1.run(ManagedExecutorImpl.java:48)
	at java.base/java.util.concurrent.ThreadPoolExecutor.runWorker(ThreadPoolExecutor.java:1128)
	at java.base/java.util.concurrent.ThreadPoolExecutor$Worker.run(ThreadPoolExecutor.java:628)
	at org.gradle.internal.concurrent.ThreadFactoryImpl$ManagedThreadRunnable.run(ThreadFactoryImpl.java:56)
	at java.base/java.lang.Thread.run(Thread.java:829)
22:49:17.920 [Test worker] DEBUG net.thucydides.core.steps.StepInterceptor - STEP DONE: {0} clears field #locators
22:49:18.001 [Test worker] DEBUG net.thucydides.core.steps.StepInterceptor - STEP DONE: !#title
22:49:19.464 [Test worker] ERROR  - 
  _____   ___   ___   _____     ___   ___   ___    ___    ___ 
 |_   _| | __| / __| |_   _|   | __| | _ \ | _ \  / _ \  | _ \
   | |   | _|  \__ \   | |     | _|  |   / |   / | (_) | |   /
   |_|   |___| |___/   |_|     |___| |_|_\ |_|_\  \___/  |_|_\

Register on The Website
---------------------------------------------------------------
22:49:19.467 [Test worker] DEBUG  - RELATED ISSUES: 
22:49:19.600 [Test worker] ERROR  -     Test failed at step: Miguel clears field [By.xpath: /html/body/div[2]/div[2]/div/div[3]/div/div/div[1]/form/div/div[2]/input]
22:49:19.601 [Test worker] ERROR  -     no such element: Unable to locate element: {"method":"xpath","selector":"/html/body/div[2]/div[2]/div/div[3]/div/div/div[1]/form/div/div[2]/input"}
]]></system-out>
  <system-err><![CDATA[Starting ChromeDriver 96.0.4664.45 (76e4c1bb2ab4671b8beba3444e61c0f17584b2fc-refs/branch-heads/4664@{#947}) on port 15544
Only local connections are allowed.
Please see https://chromedriver.chromium.org/security-considerations for suggestions on keeping ChromeDriver safe.
ChromeDriver was started successfully.
dic. 12, 2021 10:49:00 P. M. org.openqa.selenium.remote.ProtocolHandshake createSession
INFORMACIÓN: Detected dialect: W3C
]]></system-err>
</testsuite>
