<?xml version="1.0" encoding="UTF-8"?>
<testsuite name="Login" tests="1" skipped="0" failures="0" errors="0" timestamp="2021-12-13T06:01:44" hostname="LSTKBO220164" time="21.19">
  <properties/>
  <testcase name="Login on The Website" classname="Login" time="21.19"/>
  <system-out><![CDATA[01:01:44.648 [Test worker] INFO io.cucumber.core.plugin.SerenityReporter - Running feature from file:///C:/Users/miguel.califa/Desktop/serenitybddrestinspanishtrainingv2/src/test/resources/features/Login/LoginForm.feature
01:01:44.664 [Test worker] INFO  - 
  _____   ___   ___   _____     ___   _____     _     ___   _____   ___   ___  
 |_   _| | __| / __| |_   _|   / __| |_   _|   /_\   | _ \ |_   _| | __| |   \ 
   | |   | _|  \__ \   | |     \__ \   | |    / _ \  |   /   | |   | _|  | |) |
   |_|   |___| |___/   |_|     |___/   |_|   /_/ \_\ |_|_\   |_|   |___| |___/ 

Login on The Website(login;login-on-the-website)
--------------------------------------------------------------------------------
01:01:44.695 [Test worker] DEBUG net.thucydides.core.steps.StepInterceptor - STARTING STEP: LoginFormStepDefinition.on_the_automationpractice_loginpage - !#title
01:01:44.695 [Test worker] DEBUG net.thucydides.core.steps.StepInterceptor - STARTING STEP: LoginFormStepDefinition.on_the_automationpractice_loginpage - {0} opens the #targetPageName
01:01:44.733 [Test worker] INFO net.serenitybdd.core.webdriver.driverproviders.ChromeDriverProvider - Using automatically driver download
01:01:44.749 [Test worker] DEBUG io.github.bonigarcia.wdm.cache.ResolutionCache - Resolution chrome=96 in cache (valid until 01:22:36 13/12/2021 COT)
01:01:44.749 [Test worker] DEBUG io.github.bonigarcia.wdm.cache.ResolutionCache - Resolution chrome96=96.0.4664.45 in cache (valid until 13:16:29 13/12/2021 COT)
01:01:44.749 [Test worker] INFO io.github.bonigarcia.wdm.WebDriverManager - Using chromedriver 96.0.4664.45 (resolved driver for Chrome 96)
01:01:44.749 [Test worker] DEBUG io.github.bonigarcia.wdm.WebDriverManager - Driver chromedriver 96.0.4664.45 found in cache
01:01:44.749 [Test worker] INFO io.github.bonigarcia.wdm.WebDriverManager - Exporting webdriver.chrome.driver as C:\Users\miguel.califa\.cache\selenium\chromedriver\win32\96.0.4664.45\chromedriver.exe
01:01:45.175 [Test worker] INFO net.serenitybdd.core.webdriver.driverproviders.ProvideNewDriver - Instantiating driver
01:01:45.175 [Test worker] INFO net.serenitybdd.core.webdriver.driverproviders.ProvideNewDriver - Driver capabilities: Capabilities {acceptInsecureCerts: false, browserName: chrome, chrome.switches: --start-maximized;--test-ty..., goog:chromeOptions: {args: [--start-maximized, --test-type, --no-sandbox, --ignore-certificate-errors..., --disable-popup-blocking, --disable-default-apps, --disable-extensions-file-a..., --incognito, --disable-infobars, --disable-gpu], extensions: []}, loggingPrefs: org.openqa.selenium.logging...}
01:01:53.547 [Test worker] DEBUG net.serenitybdd.core.photography.Darkroom - Opening darkroom
01:01:53.548 [Darkroom Processing Line] DEBUG net.serenitybdd.core.photography.DarkroomProcessingLine - Darkroom processing line starting up
01:01:54.108 [Test worker] DEBUG net.serenitybdd.core.photography.Darkroom - Send negative for processing for C:\Users\miguel.califa\Desktop\serenitybddrestinspanishtrainingv2\target\site\serenity\21c2ff3ba4d9e2b0359f7c6b6590bc28d2d324c2b2eaa7b3bb371c96d53bc616.png
01:01:54.109 [Test worker] DEBUG net.thucydides.core.steps.StepInterceptor - STEP DONE: {0} opens the #targetPageName
01:01:54.128 [Test worker] DEBUG net.thucydides.core.steps.StepInterceptor - STEP DONE: !#title
01:01:54.689 [Test worker] DEBUG net.serenitybdd.core.photography.Darkroom - Send negative for processing for C:\Users\miguel.califa\Desktop\serenitybddrestinspanishtrainingv2\target\site\serenity\21c2ff3ba4d9e2b0359f7c6b6590bc28d2d324c2b2eaa7b3bb371c96d53bc616.png
01:01:54.704 [Test worker] DEBUG net.thucydides.core.steps.StepInterceptor - STARTING STEP: LoginFormStepDefinition.on_the_automationpractice_loginpage - !#title
01:01:54.720 [Test worker] DEBUG net.thucydides.core.steps.StepInterceptor - STARTING STEP: LoginFormStepDefinition.on_the_automationpractice_loginpage - {0} clicks on #locators
01:01:57.202 [Test worker] DEBUG net.serenitybdd.core.photography.Darkroom - Send negative for processing for C:\Users\miguel.califa\Desktop\serenitybddrestinspanishtrainingv2\target\site\serenity\ed267ce3f8aa65b8d996aa55503e51b5a45660d76773fcc3f82ff0b771b14aed.png
01:01:57.203 [Test worker] DEBUG net.thucydides.core.steps.StepInterceptor - STEP DONE: {0} clicks on #locators
01:01:57.203 [Darkroom Processing Line] DEBUG net.serenitybdd.core.photography.DarkroomProcessingLine - Processing screenshot image in /var/screenshots/screenshot-4074591486974462090
01:01:57.203 [Darkroom Processing Line] DEBUG net.serenitybdd.core.photography.DarkroomProcessingLine - Saving screenshot to C:\Users\miguel.califa\Desktop\serenitybddrestinspanishtrainingv2\target\site\serenity\ed267ce3f8aa65b8d996aa55503e51b5a45660d76773fcc3f82ff0b771b14aed.png
01:01:57.217 [Test worker] DEBUG net.thucydides.core.steps.StepInterceptor - STEP DONE: !#title
01:01:57.526 [Test worker] DEBUG net.serenitybdd.core.photography.Darkroom - Send negative for processing for C:\Users\miguel.califa\Desktop\serenitybddrestinspanishtrainingv2\target\site\serenity\ed267ce3f8aa65b8d996aa55503e51b5a45660d76773fcc3f82ff0b771b14aed.png
01:01:57.542 [Test worker] DEBUG net.thucydides.core.steps.StepInterceptor - STARTING STEP: LoginFormStepDefinition.loginLoadData - !#title
01:01:57.557 [Test worker] DEBUG net.thucydides.core.steps.StepInterceptor - STARTING STEP: LoginFormStepDefinition.loginLoadData - {0} clears field #locators
01:01:58.097 [Test worker] DEBUG net.serenitybdd.core.photography.Darkroom - Send negative for processing for C:\Users\miguel.califa\Desktop\serenitybddrestinspanishtrainingv2\target\site\serenity\0d46692ab42bafded74449e564a14abd3a189da455c2bf076f040991b22b6c44.png
01:01:58.097 [Test worker] DEBUG net.thucydides.core.steps.StepInterceptor - STEP DONE: {0} clears field #locators
01:01:58.097 [Darkroom Processing Line] DEBUG net.serenitybdd.core.photography.DarkroomProcessingLine - Processing screenshot image in /var/screenshots/screenshot-1895478590564727391
01:01:58.097 [Darkroom Processing Line] DEBUG net.serenitybdd.core.photography.DarkroomProcessingLine - Saving screenshot to C:\Users\miguel.califa\Desktop\serenitybddrestinspanishtrainingv2\target\site\serenity\0d46692ab42bafded74449e564a14abd3a189da455c2bf076f040991b22b6c44.png
01:01:58.113 [Test worker] DEBUG net.thucydides.core.steps.StepInterceptor - STARTING STEP: LoginFormStepDefinition.loginLoadData - {0} clears field #locators
01:01:58.715 [Test worker] DEBUG net.serenitybdd.core.photography.Darkroom - Send negative for processing for C:\Users\miguel.califa\Desktop\serenitybddrestinspanishtrainingv2\target\site\serenity\058f8874a3305837ac7fc872de19e3072c5fbd6e793e3f9df673a888f537cc72.png
01:01:58.715 [Test worker] DEBUG net.thucydides.core.steps.StepInterceptor - STEP DONE: {0} clears field #locators
01:01:58.715 [Darkroom Processing Line] DEBUG net.serenitybdd.core.photography.DarkroomProcessingLine - Processing screenshot image in /var/screenshots/screenshot-5606162034217678954
01:01:58.715 [Darkroom Processing Line] DEBUG net.serenitybdd.core.photography.DarkroomProcessingLine - Saving screenshot to C:\Users\miguel.califa\Desktop\serenitybddrestinspanishtrainingv2\target\site\serenity\058f8874a3305837ac7fc872de19e3072c5fbd6e793e3f9df673a888f537cc72.png
01:01:58.730 [Test worker] DEBUG net.thucydides.core.steps.StepInterceptor - STARTING STEP: LoginFormStepDefinition.loginLoadData - {0} enters #theTextAsAString into #locatorNames
01:01:59.252 [Test worker] DEBUG net.serenitybdd.core.photography.Darkroom - Send negative for processing for C:\Users\miguel.califa\Desktop\serenitybddrestinspanishtrainingv2\target\site\serenity\59eed1bf347437b89454dfcb50adb074b14b6e2fec4c558e776b05d5aaad8582.png
01:01:59.252 [Test worker] DEBUG net.thucydides.core.steps.StepInterceptor - STEP DONE: {0} enters #theTextAsAString into #locatorNames
01:01:59.252 [Darkroom Processing Line] DEBUG net.serenitybdd.core.photography.DarkroomProcessingLine - Processing screenshot image in /var/screenshots/screenshot-12394776337837594819
01:01:59.252 [Darkroom Processing Line] DEBUG net.serenitybdd.core.photography.DarkroomProcessingLine - Saving screenshot to C:\Users\miguel.califa\Desktop\serenitybddrestinspanishtrainingv2\target\site\serenity\59eed1bf347437b89454dfcb50adb074b14b6e2fec4c558e776b05d5aaad8582.png
01:01:59.272 [Test worker] DEBUG net.thucydides.core.steps.StepInterceptor - STARTING STEP: LoginFormStepDefinition.loginLoadData - {0} enters #theTextAsAString into #locatorNames
01:01:59.662 [Test worker] DEBUG net.serenitybdd.core.photography.Darkroom - Send negative for processing for C:\Users\miguel.califa\Desktop\serenitybddrestinspanishtrainingv2\target\site\serenity\660e9cdf2d62862af523ff8f840b55ee26e20162a5d860cd06f1387dfda201bd.png
01:01:59.662 [Test worker] DEBUG net.thucydides.core.steps.StepInterceptor - STEP DONE: {0} enters #theTextAsAString into #locatorNames
01:01:59.662 [Darkroom Processing Line] DEBUG net.serenitybdd.core.photography.DarkroomProcessingLine - Processing screenshot image in /var/screenshots/screenshot-7792371082527727907
01:01:59.662 [Darkroom Processing Line] DEBUG net.serenitybdd.core.photography.DarkroomProcessingLine - Saving screenshot to C:\Users\miguel.califa\Desktop\serenitybddrestinspanishtrainingv2\target\site\serenity\660e9cdf2d62862af523ff8f840b55ee26e20162a5d860cd06f1387dfda201bd.png
01:01:59.678 [Test worker] DEBUG net.thucydides.core.steps.StepInterceptor - STARTING STEP: LoginFormStepDefinition.loginLoadData - {0} clicks on #locators
01:02:02.488 [Test worker] DEBUG net.serenitybdd.core.photography.Darkroom - Send negative for processing for C:\Users\miguel.califa\Desktop\serenitybddrestinspanishtrainingv2\target\site\serenity\184c6277de9aa94e06e0730d7cb37ed2d67249e20c655dd327a46828ffe098d9.png
01:02:02.489 [Darkroom Processing Line] DEBUG net.serenitybdd.core.photography.DarkroomProcessingLine - Processing screenshot image in /var/screenshots/screenshot-6470880053967642991
01:02:02.489 [Test worker] DEBUG net.thucydides.core.steps.StepInterceptor - STEP DONE: {0} clicks on #locators
01:02:02.489 [Darkroom Processing Line] DEBUG net.serenitybdd.core.photography.DarkroomProcessingLine - Saving screenshot to C:\Users\miguel.califa\Desktop\serenitybddrestinspanishtrainingv2\target\site\serenity\184c6277de9aa94e06e0730d7cb37ed2d67249e20c655dd327a46828ffe098d9.png
01:02:02.495 [Test worker] DEBUG net.thucydides.core.steps.StepInterceptor - STEP DONE: !#title
01:02:02.813 [Test worker] DEBUG net.serenitybdd.core.photography.Darkroom - Send negative for processing for C:\Users\miguel.califa\Desktop\serenitybddrestinspanishtrainingv2\target\site\serenity\184c6277de9aa94e06e0730d7cb37ed2d67249e20c655dd327a46828ffe098d9.png
01:02:02.813 [Test worker] DEBUG net.serenitybdd.screenplay.targets.IFrameSwitcher - default content already selected for By.cssSelector: .alert
01:02:05.155 [Test worker] DEBUG net.serenitybdd.core.photography.Darkroom - Send negative for processing for C:\Users\miguel.califa\Desktop\serenitybddrestinspanishtrainingv2\target\site\serenity\184c6277de9aa94e06e0730d7cb37ed2d67249e20c655dd327a46828ffe098d9.png
01:02:05.824 [Test worker] INFO  - 
  _____   ___   ___   _____     ___     _     ___   ___   ___   ___  
 |_   _| | __| / __| |_   _|   | _ \   /_\   / __| / __| | __| |   \ 
   | |   | _|  \__ \   | |     |  _/  / _ \  \__ \ \__ \ | _|  | |) |
   |_|   |___| |___/   |_|     |_|   /_/ \_\ |___/ |___/ |___| |___/ 

Login on The Website
----------------------------------------------------------------------
]]></system-out>
  <system-err><![CDATA[Starting ChromeDriver 96.0.4664.45 (76e4c1bb2ab4671b8beba3444e61c0f17584b2fc-refs/branch-heads/4664@{#947}) on port 47750
Only local connections are allowed.
Please see https://chromedriver.chromium.org/security-considerations for suggestions on keeping ChromeDriver safe.
ChromeDriver was started successfully.
dic. 13, 2021 1:01:46 A. M. org.openqa.selenium.remote.ProtocolHandshake createSession
INFORMACIÓN: Detected dialect: W3C
]]></system-err>
</testsuite>
