<?xml version="1.0" encoding="UTF-8"?>
<testsuite name="starter.CucumberTestSuite" tests="0" skipped="0" failures="0" errors="0" timestamp="1970-01-01T00:00:00" hostname="LSTKBO220164" time="0.0">
  <properties/>
  <system-out><![CDATA[21:46:21.248 [Test worker] DEBUG net.thucydides.core.util.PropertiesFileLocalPreferences - environments.dev.webdriver.base.url=http://automationpractice.com/dev
21:46:21.256 [Test worker] DEBUG net.thucydides.core.util.PropertiesFileLocalPreferences - webdriver.driver=chrome
21:46:21.256 [Test worker] DEBUG net.thucydides.core.util.PropertiesFileLocalPreferences - drivers.windows.webdriver.chrome.driver=src/test/resources/webdriver/windows/chromedriver.exe
21:46:21.257 [Test worker] DEBUG net.thucydides.core.util.PropertiesFileLocalPreferences - drivers.linux.webdriver.gecko.driver=src/test/resources/webdriver/linux/geckodriver
21:46:21.257 [Test worker] DEBUG net.thucydides.core.util.PropertiesFileLocalPreferences - environments.staging.webdriver.base.url=http://automationpractice.com/staging
21:46:21.258 [Test worker] DEBUG net.thucydides.core.util.PropertiesFileLocalPreferences - environments.default.webdriver.base.url=http://automationpractice.com
21:46:21.258 [Test worker] DEBUG net.thucydides.core.util.PropertiesFileLocalPreferences - drivers.linux.webdriver.chrome.driver=src/test/resources/webdriver/linux/chromedriver
21:46:21.258 [Test worker] DEBUG net.thucydides.core.util.PropertiesFileLocalPreferences - drivers.windows.webdriver.gecko.driver=src/test/resources/webdriver/windows/geckodriver.exe
21:46:21.258 [Test worker] DEBUG net.thucydides.core.util.PropertiesFileLocalPreferences - chrome.switches=--start-maximized;--test-type;--no-sandbox;--ignore-certificate-errors;\r\n                   --disable-popup-blocking;--disable-default-apps;--disable-extensions-file-access-check;\r\n                   --incognito;--disable-infobars,--disable-gpu
21:46:21.259 [Test worker] DEBUG net.thucydides.core.util.PropertiesFileLocalPreferences - drivers.mac.webdriver.gecko.driver=src/test/resources/webdriver/mac/geckodriver
21:46:21.259 [Test worker] DEBUG net.thucydides.core.util.PropertiesFileLocalPreferences - drivers.mac.webdriver.chrome.driver=src/test/resources/webdriver/mac/chromedriver
21:46:21.259 [Test worker] DEBUG net.thucydides.core.util.PropertiesFileLocalPreferences - environments.prod.webdriver.base.url=http://automationpractice.com/prod
21:46:21.790 [Test worker] INFO io.cucumber.core.plugin.SerenityReporter - Running feature from file:///C:/Users/miguel.califa/Desktop/serenitybddrestinspanishtrainingv2/src/test/resources/features/HomePage/Load_HomePage.feature
21:46:22.126 [Test worker] DEBUG net.thucydides.core.util.PropertiesFileLocalPreferences - environments.dev.webdriver.base.url=http://automationpractice.com/dev
21:46:22.127 [Test worker] DEBUG net.thucydides.core.util.PropertiesFileLocalPreferences - webdriver.driver=chrome
21:46:22.127 [Test worker] DEBUG net.thucydides.core.util.PropertiesFileLocalPreferences - drivers.windows.webdriver.chrome.driver=src/test/resources/webdriver/windows/chromedriver.exe
21:46:22.127 [Test worker] DEBUG net.thucydides.core.util.PropertiesFileLocalPreferences - drivers.linux.webdriver.gecko.driver=src/test/resources/webdriver/linux/geckodriver
21:46:22.128 [Test worker] DEBUG net.thucydides.core.util.PropertiesFileLocalPreferences - environments.staging.webdriver.base.url=http://automationpractice.com/staging
21:46:22.128 [Test worker] DEBUG net.thucydides.core.util.PropertiesFileLocalPreferences - environments.default.webdriver.base.url=http://automationpractice.com
21:46:22.128 [Test worker] DEBUG net.thucydides.core.util.PropertiesFileLocalPreferences - drivers.linux.webdriver.chrome.driver=src/test/resources/webdriver/linux/chromedriver
21:46:22.129 [Test worker] DEBUG net.thucydides.core.util.PropertiesFileLocalPreferences - drivers.windows.webdriver.gecko.driver=src/test/resources/webdriver/windows/geckodriver.exe
21:46:22.129 [Test worker] DEBUG net.thucydides.core.util.PropertiesFileLocalPreferences - chrome.switches=--start-maximized;--test-type;--no-sandbox;--ignore-certificate-errors;\r\n                   --disable-popup-blocking;--disable-default-apps;--disable-extensions-file-access-check;\r\n                   --incognito;--disable-infobars,--disable-gpu
21:46:22.129 [Test worker] DEBUG net.thucydides.core.util.PropertiesFileLocalPreferences - drivers.mac.webdriver.gecko.driver=src/test/resources/webdriver/mac/geckodriver
21:46:22.130 [Test worker] DEBUG net.thucydides.core.util.PropertiesFileLocalPreferences - drivers.mac.webdriver.chrome.driver=src/test/resources/webdriver/mac/chromedriver
21:46:22.130 [Test worker] DEBUG net.thucydides.core.util.PropertiesFileLocalPreferences - environments.prod.webdriver.base.url=http://automationpractice.com/prod
21:46:22.140 [Test worker] INFO  - 

-------------------------------------------------------------------------------------
     _______. _______ .______       _______ .__   __.  __  .___________.____    ____ 
    /       ||   ____||   _  \     |   ____||  \ |  | |  | |           |\   \  /   / 
   |   (----`|  |__   |  |_)  |    |  |__   |   \|  | |  | `---|  |----` \   \/   /  
    \   \    |   __|  |      /     |   __|  |  . `  | |  |     |  |       \_    _/   
.----)   |   |  |____ |  |\  \----.|  |____ |  |\   | |  |     |  |         |  |     
|_______/    |_______|| _| `._____||_______||__| \__| |__|     |__|         |__|    
                                                                                     
 News and tutorials at http://www.serenity-bdd.info                                  
 Documentation at https://wakaleo.gitbooks.io/the-serenity-book/content/             
 Join the Serenity Community on Gitter: https://gitter.im/serenity-bdd/serenity-core 
 Serenity BDD Support and Training at http://serenity-bdd.info/#/trainingandsupport  
-------------------------------------------------------------------------------------

21:46:22.150 [Test worker] DEBUG net.thucydides.core.steps.StepEventBus - Test suite started for story net.thucydides.core.model.Story@8819dd9
21:46:22.155 [Test worker] INFO  - Test Suite Started: Load HomePage

1 Scenarios (?[32m1 passed?[0m)
3 Steps (?[32m3 passed?[0m)
0m17,297s


21:46:39.083 [Test worker] DEBUG net.thucydides.core.reports.ReportService - Reporting formats: [JSON, HTML]
21:46:39.206 [Test worker] DEBUG net.thucydides.core.reports.ReportService - Reporting formats: [JSON, HTML]
21:46:39.237 [Test worker] DEBUG net.thucydides.core.reports.ReportService - Generating reports for 1 test outcomes using: net.thucydides.core.reports.json.JSONTestOutcomeReporter@29f628a2
21:46:39.239 [pool-1-thread-1] DEBUG net.thucydides.core.reports.ReportService - Processing test outcome Load HomePage:Getting In To The Website
21:46:39.239 [pool-1-thread-1] INFO net.thucydides.core.reports.ReportService - net.thucydides.core.reports.json.JSONTestOutcomeReporter@29f628a2: Generating report for test outcome: Load HomePage:Getting In To The Website
21:46:39.245 [pool-1-thread-1] DEBUG net.thucydides.core.reports.json.JSONTestOutcomeReporter - Generating JSON report for Getting In To The Website to file C:\Users\miguel.califa\Desktop\serenitybddrestinspanishtrainingv2\target\site\serenity\c031036ee59c180ea224d589c813571411333d71386231ef66fec0a7e8abbf04.json (using temp file C:\Users\miguel.califa\Desktop\serenitybddrestinspanishtrainingv2\target\site\serenity\c031036ee59c180ea224d589c813571411333d71386231ef66fec0a7e8abbf04.json8faabc1b-6346-431e-9a73-e1f30d5868ce)
21:46:39.309 [pool-1-thread-1] DEBUG net.thucydides.core.reports.ReportService - Processing test outcome Load HomePage:Getting In To The Website done
21:46:39.310 [Test worker] DEBUG net.thucydides.core.reports.ReportService - Shutting down executor service
21:46:39.310 [Test worker] DEBUG net.thucydides.core.reports.ReportService - Reports generated in: 73 ms
21:46:39.310 [Test worker] DEBUG net.thucydides.core.reports.ReportService - Generating reports for 1 test outcomes using: net.thucydides.core.reports.html.HtmlAcceptanceTestReporter@5611e522
21:46:39.317 [pool-2-thread-1] DEBUG net.thucydides.core.reports.ReportService - Processing test outcome Load HomePage:Getting In To The Website
21:46:39.317 [pool-2-thread-1] INFO net.thucydides.core.reports.ReportService - net.thucydides.core.reports.html.HtmlAcceptanceTestReporter@5611e522: Generating report for test outcome: Load HomePage:Getting In To The Website
21:46:39.375 [pool-2-thread-1] DEBUG net.thucydides.core.requirements.model.cucumber.CucumberParser - Added feature Load HomePage
21:46:39.387 [pool-2-thread-1] DEBUG net.thucydides.core.requirements.BaseRequirementsService - Requirement found for test outcome Getting In To The Website-[]: Optional[Requirement{name='Load HomePage', type='feature' parent = 'Home page', cardNumber='null'}]
21:46:39.391 [pool-2-thread-1] DEBUG net.thucydides.core.requirements.BaseRequirementsService - Requirement found for test outcome Getting In To The Website-[]: Optional[Requirement{name='Load HomePage', type='feature' parent = 'Home page', cardNumber='null'}]
21:46:39.444 [pool-2-thread-1] DEBUG net.thucydides.core.requirements.BaseRequirementsService - Requirement found for test outcome Getting In To The Website-[]: Optional[Requirement{name='Load HomePage', type='feature' parent = 'Home page', cardNumber='null'}]
21:46:39.446 [pool-2-thread-1] DEBUG net.thucydides.core.requirements.BaseRequirementsService - Requirement found for test outcome Getting In To The Website-[]: Optional[Requirement{name='Load HomePage', type='feature' parent = 'Home page', cardNumber='null'}]
21:46:39.451 [pool-2-thread-1] DEBUG serenity.reporting - Generating report in c031036ee59c180ea224d589c813571411333d71386231ef66fec0a7e8abbf04_screenshots.html
21:46:40.357 [pool-2-thread-1] DEBUG serenity.reporting - Generated report c031036ee59c180ea224d589c813571411333d71386231ef66fec0a7e8abbf04_screenshots.html in 907 ms
21:46:41.320 [pool-2-thread-1] DEBUG serenity.reporting - Generating report in c031036ee59c180ea224d589c813571411333d71386231ef66fec0a7e8abbf04.html
21:46:41.627 [pool-2-thread-1] DEBUG serenity.reporting - Generated report c031036ee59c180ea224d589c813571411333d71386231ef66fec0a7e8abbf04.html in 307 ms
21:46:41.627 [pool-2-thread-1] DEBUG net.thucydides.core.reports.ReportService - Processing test outcome Load HomePage:Getting In To The Website done
21:46:41.627 [Test worker] DEBUG net.thucydides.core.reports.ReportService - Shutting down executor service
21:46:41.627 [Test worker] DEBUG net.thucydides.core.reports.ReportService - Reports generated in: 2317 ms
21:46:41.894 [Test worker] INFO io.cucumber.core.plugin.SerenityReporter - Cleanup test resources for URI file:///C:/Users/miguel.califa/Desktop/serenitybddrestinspanishtrainingv2/src/test/resources/features/HomePage/Load_HomePage.feature
21:46:41.896 [Test worker] DEBUG net.serenitybdd.core.photography.Darkroom - Closing darkroom
21:46:41.896 [Darkroom Processing Line] DEBUG net.serenitybdd.core.photography.DarkroomProcessingLine - Darkroom processing line shutting down
]]></system-out>
  <system-err><![CDATA[]]></system-err>
</testsuite>
