<?xml version="1.0" encoding="UTF-8"?>
<testsuite name="As a user, I want login in the Star Sharp Page so i should create a new meetings" tests="4" skipped="0" failures="0" errors="0" timestamp="2022-12-14T15:42:19" hostname="DESKTOP-NM6210B" time="108.563">
  <properties/>
  <testcase name="Create a new  Bussines unit #1" classname="As a user, I want login in the Star Sharp Page so i should create a new meetings" time="30.659"/>
  <testcase name="Create a new  Bussines unit #2" classname="As a user, I want login in the Star Sharp Page so i should create a new meetings" time="22.015"/>
  <testcase name="Create a new  Bussines unit #3" classname="As a user, I want login in the Star Sharp Page so i should create a new meetings" time="21.119"/>
  <testcase name="Create a new  Bussines unit #4" classname="As a user, I want login in the Star Sharp Page so i should create a new meetings" time="34.77"/>
  <system-out><![CDATA[]]></system-out>
  <system-err><![CDATA[[Test worker] INFO io.cucumber.core.plugin.SerenityReporter - Running feature from file:///C:/Users/Miguel/Downloads/RetoAutomatizacion_StarSharp-master/RetoAutomatizacion_StarSharp-master/src/test/resources/features/UserStarSharp.feature
[Test worker] INFO  - 
  _____   ___   ___   _____     ___   _____     _     ___   _____   ___   ___  
 |_   _| | __| / __| |_   _|   / __| |_   _|   /_\   | _ \ |_   _| | __| |   \ 
   | |   | _|  \__ \   | |     \__ \   | |    / _ \  |   /   | |   | _|  | |) |
   |_|   |___| |___/   |_|     |___/   |_|   /_/ \_\ |_|_\   |_|   |___| |___/ 

Create a new  Bussines unit(as-a-user--i-want-login-in-the-star-sharp-page-so-i-should-create-a-new-meetings;create-a-new--bussines-unit)
--------------------------------------------------------------------------------
[Test worker] INFO net.serenitybdd.core.webdriver.driverproviders.DriverProvider - Using WebDriverManager configuration for chrome
[Test worker] INFO io.github.bonigarcia.wdm.WebDriverManager - Using chromedriver 108.0.5359.71 (resolved driver for Chrome 108)
[Test worker] INFO io.github.bonigarcia.wdm.WebDriverManager - Exporting webdriver.chrome.driver as C:\Users\Miguel\.cache\selenium\chromedriver\win32\108.0.5359.71\chromedriver.exe
[Test worker] INFO net.serenitybdd.core.webdriver.driverproviders.ChromeDriverProvider - Starting Chrome driver instance with capabilities:
[Test worker] INFO net.serenitybdd.core.webdriver.driverproviders.ChromeDriverProvider - Capabilities {acceptInsecureCerts: false, browserName: chrome, goog:chromeOptions: {args: [--start-maximized], extensions: []}}
Starting ChromeDriver 108.0.5359.71 (1e0e3868ee06e91ad636a874420e3ca3ae3756ac-refs/branch-heads/5359@{#1016}) on port 54680
Only local connections are allowed.
Please see https://chromedriver.chromium.org/security-considerations for suggestions on keeping ChromeDriver safe.
ChromeDriver was started successfully.
dic 14, 2022 10:42:31 AM org.openqa.selenium.remote.ProtocolHandshake createSession
INFORMACIÓN: Detected upstream dialect: W3C
dic 14, 2022 10:42:32 AM org.openqa.selenium.devtools.CdpVersionFinder findNearestMatch
ADVERTENCIA: Unable to find an exact match for CDP version 108, so returning the closest version found: 104
dic 14, 2022 10:42:32 AM org.openqa.selenium.devtools.CdpVersionFinder findNearestMatch
INFORMACIÓN: Found CDP implementation for version 108 of 104
[Test worker] INFO  - 
  _____   ___   ___   _____     ___     _     ___   ___   ___   ___  
 |_   _| | __| / __| |_   _|   | _ \   /_\   / __| / __| | __| |   \ 
   | |   | _|  \__ \   | |     |  _/  / _ \  \__ \ \__ \ | _|  | |) |
   |_|   |___| |___/   |_|     |_|   /_/ \_\ |___/ |___/ |___| |___/ 

Create a new  Bussines unit
----------------------------------------------------------------------
[Test worker] INFO io.cucumber.core.plugin.SerenityReporter - Running feature from file:///C:/Users/Miguel/Downloads/RetoAutomatizacion_StarSharp-master/RetoAutomatizacion_StarSharp-master/src/test/resources/features/UserStarSharp.feature
[Test worker] INFO net.serenitybdd.core.webdriver.driverproviders.ChromeDriverProvider - Starting Chrome driver instance with capabilities:
[Test worker] INFO net.serenitybdd.core.webdriver.driverproviders.ChromeDriverProvider - Capabilities {acceptInsecureCerts: false, browserName: chrome, goog:chromeOptions: {args: [--start-maximized], extensions: []}}
Starting ChromeDriver 108.0.5359.71 (1e0e3868ee06e91ad636a874420e3ca3ae3756ac-refs/branch-heads/5359@{#1016}) on port 50975
Only local connections are allowed.
Please see https://chromedriver.chromium.org/security-considerations for suggestions on keeping ChromeDriver safe.
ChromeDriver was started successfully.
dic 14, 2022 10:42:54 AM org.openqa.selenium.remote.ProtocolHandshake createSession
INFORMACIÓN: Detected upstream dialect: W3C
dic 14, 2022 10:42:54 AM org.openqa.selenium.devtools.CdpVersionFinder findNearestMatch
ADVERTENCIA: Unable to find an exact match for CDP version 108, so returning the closest version found: 104
dic 14, 2022 10:42:54 AM org.openqa.selenium.devtools.CdpVersionFinder findNearestMatch
INFORMACIÓN: Found CDP implementation for version 108 of 104
[Test worker] INFO  - 
  _____   ___   ___   _____     ___     _     ___   ___   ___   ___  
 |_   _| | __| / __| |_   _|   | _ \   /_\   / __| / __| | __| |   \ 
   | |   | _|  \__ \   | |     |  _/  / _ \  \__ \ \__ \ | _|  | |) |
   |_|   |___| |___/   |_|     |_|   /_/ \_\ |___/ |___/ |___| |___/ 

Create a new  Bussines unit
----------------------------------------------------------------------
[Test worker] INFO io.cucumber.core.plugin.SerenityReporter - Running feature from file:///C:/Users/Miguel/Downloads/RetoAutomatizacion_StarSharp-master/RetoAutomatizacion_StarSharp-master/src/test/resources/features/UserStarSharp.feature
[Test worker] INFO net.serenitybdd.core.webdriver.driverproviders.ChromeDriverProvider - Starting Chrome driver instance with capabilities:
[Test worker] INFO net.serenitybdd.core.webdriver.driverproviders.ChromeDriverProvider - Capabilities {acceptInsecureCerts: false, browserName: chrome, goog:chromeOptions: {args: [--start-maximized], extensions: []}}
Starting ChromeDriver 108.0.5359.71 (1e0e3868ee06e91ad636a874420e3ca3ae3756ac-refs/branch-heads/5359@{#1016}) on port 55291
Only local connections are allowed.
Please see https://chromedriver.chromium.org/security-considerations for suggestions on keeping ChromeDriver safe.
ChromeDriver was started successfully.
dic 14, 2022 10:43:14 AM org.openqa.selenium.remote.ProtocolHandshake createSession
INFORMACIÓN: Detected upstream dialect: W3C
dic 14, 2022 10:43:14 AM org.openqa.selenium.devtools.CdpVersionFinder findNearestMatch
ADVERTENCIA: Unable to find an exact match for CDP version 108, so returning the closest version found: 104
dic 14, 2022 10:43:14 AM org.openqa.selenium.devtools.CdpVersionFinder findNearestMatch
INFORMACIÓN: Found CDP implementation for version 108 of 104
[Test worker] INFO io.cucumber.core.plugin.SerenityReporter - Running feature from file:///C:/Users/Miguel/Downloads/RetoAutomatizacion_StarSharp-master/RetoAutomatizacion_StarSharp-master/src/test/resources/features/UserStarSharp.feature
[Test worker] INFO net.serenitybdd.core.webdriver.driverproviders.ChromeDriverProvider - Starting Chrome driver instance with capabilities:
[Test worker] INFO net.serenitybdd.core.webdriver.driverproviders.ChromeDriverProvider - Capabilities {acceptInsecureCerts: false, browserName: chrome, goog:chromeOptions: {args: [--start-maximized], extensions: []}}
Starting ChromeDriver 108.0.5359.71 (1e0e3868ee06e91ad636a874420e3ca3ae3756ac-refs/branch-heads/5359@{#1016}) on port 56808
Only local connections are allowed.
Please see https://chromedriver.chromium.org/security-considerations for suggestions on keeping ChromeDriver safe.
ChromeDriver was started successfully.
dic 14, 2022 10:43:35 AM org.openqa.selenium.remote.ProtocolHandshake createSession
INFORMACIÓN: Detected upstream dialect: W3C
dic 14, 2022 10:43:35 AM org.openqa.selenium.devtools.CdpVersionFinder findNearestMatch
ADVERTENCIA: Unable to find an exact match for CDP version 108, so returning the closest version found: 104
dic 14, 2022 10:43:35 AM org.openqa.selenium.devtools.CdpVersionFinder findNearestMatch
INFORMACIÓN: Found CDP implementation for version 108 of 104
]]></system-err>
</testsuite>
