<?xml version="1.0" encoding="UTF-8"?>
<testsuite name="Login" tests="1" skipped="0" failures="0" errors="0" timestamp="2022-12-05T16:46:53" hostname="CHBOGML-119422" time="27.064">
  <properties/>
  <testcase name="Login on The Website" classname="Login" time="27.064"/>
  <system-out><![CDATA[11:46:53.218 [Test worker] INFO io.cucumber.core.plugin.SerenityReporter - Running feature from file:///C:/Users/mcalifau/Desktop/Automation_Full_Ex/src/test/resources/features/Login/LoginForm.feature
11:46:53.221 [Test worker] INFO  - 
  _____   ___   ___   _____     ___   _____     _     ___   _____   ___   ___  
 |_   _| | __| / __| |_   _|   / __| |_   _|   /_\   | _ \ |_   _| | __| |   \ 
   | |   | _|  \__ \   | |     \__ \   | |    / _ \  |   /   | |   | _|  | |) |
   |_|   |___| |___/   |_|     |___/   |_|   /_/ \_\ |_|_\   |_|   |___| |___/ 

Login on The Website(login;login-on-the-website)
--------------------------------------------------------------------------------
11:46:53.234 [Test worker] DEBUG net.thucydides.core.steps.StepInterceptor - STARTING STEP: LoginFormStepDefinition.on_the_automationpractice_loginpage - !#title
11:46:53.237 [Test worker] DEBUG net.thucydides.core.steps.StepInterceptor - STARTING STEP: LoginFormStepDefinition.on_the_automationpractice_loginpage - {0} opens the #targetPageName
11:46:53.258 [Test worker] INFO net.serenitybdd.core.webdriver.driverproviders.ChromeDriverProvider - Using automatically driver download
11:46:53.270 [Test worker] DEBUG io.github.bonigarcia.wdm.cache.ResolutionCache - Resolution chrome=108 in cache (valid until 12:46:40 05/12/2022 COT)
11:46:53.271 [Test worker] DEBUG io.github.bonigarcia.wdm.cache.ResolutionCache - Resolution chrome108=108.0.5359.71 in cache (valid until 10:25:45 06/12/2022 COT)
11:46:53.272 [Test worker] INFO io.github.bonigarcia.wdm.WebDriverManager - Using chromedriver 108.0.5359.71 (resolved driver for Chrome 108)
11:46:53.276 [Test worker] DEBUG io.github.bonigarcia.wdm.WebDriverManager - Driver chromedriver 108.0.5359.71 found in cache
11:46:53.277 [Test worker] INFO io.github.bonigarcia.wdm.WebDriverManager - Exporting webdriver.chrome.driver as C:\Users\mcalifau\.cache\selenium\chromedriver\win32\108.0.5359.71\chromedriver.exe
11:46:53.566 [Test worker] INFO net.serenitybdd.core.webdriver.driverproviders.ProvideNewDriver - Instantiating driver
11:46:53.566 [Test worker] INFO net.serenitybdd.core.webdriver.driverproviders.ProvideNewDriver - Driver capabilities: Capabilities {acceptInsecureCerts: false, browserName: chrome, chrome.switches: --start-maximized;--test-ty..., goog:chromeOptions: {args: [--start-maximized, --test-type, --no-sandbox, --ignore-certificate-errors..., --disable-popup-blocking, --disable-default-apps, --disable-extensions-file-a..., --incognito, --disable-infobars, --disable-gpu], extensions: []}, loggingPrefs: org.openqa.selenium.logging...}
11:47:00.968 [Test worker] DEBUG net.serenitybdd.core.photography.Darkroom - Opening darkroom
11:47:00.968 [Darkroom Processing Line] DEBUG net.serenitybdd.core.photography.DarkroomProcessingLine - Darkroom processing line starting up
11:47:01.222 [Test worker] DEBUG net.serenitybdd.core.photography.Darkroom - Send negative for processing for C:\Users\mcalifau\Desktop\Automation_Full_Ex\target\site\serenity\f26ef6825644944a12a10b2e18c75262e5315fb5c29027afc300592a48a5eaf6.png
11:47:01.222 [Test worker] DEBUG net.thucydides.core.steps.StepInterceptor - STEP DONE: {0} opens the #targetPageName
11:47:01.223 [Darkroom Processing Line] DEBUG net.serenitybdd.core.photography.DarkroomProcessingLine - Processing screenshot image in /var/screenshots/screenshot-5868264314518680063
11:47:01.223 [Darkroom Processing Line] DEBUG net.serenitybdd.core.photography.DarkroomProcessingLine - Saving screenshot to C:\Users\mcalifau\Desktop\Automation_Full_Ex\target\site\serenity\f26ef6825644944a12a10b2e18c75262e5315fb5c29027afc300592a48a5eaf6.png
11:47:01.235 [Test worker] DEBUG net.thucydides.core.steps.StepInterceptor - STEP DONE: !#title
11:47:01.262 [Test worker] DEBUG net.thucydides.core.steps.StepInterceptor - STARTING STEP: LoginFormStepDefinition.on_the_automationpractice_loginpage - !#title
11:47:01.516 [Test worker] DEBUG net.serenitybdd.core.photography.Darkroom - Send negative for processing for C:\Users\mcalifau\Desktop\Automation_Full_Ex\target\site\serenity\f88b18c8961686223c2ce492fdc920fd461f493041b1531d192f7f2c2b6b0c73.png
11:47:01.517 [Test worker] DEBUG net.thucydides.core.steps.StepInterceptor - STARTING STEP: LoginFormStepDefinition.on_the_automationpractice_loginpage - {0} clicks on #locators
11:47:10.312 [Test worker] DEBUG net.serenitybdd.core.photography.Darkroom - Send negative for processing for C:\Users\mcalifau\Desktop\Automation_Full_Ex\target\site\serenity\51c707f809bd02b71327a73118e2a06f9972e773afc3e8cf6623c08f7b03a597.png
11:47:10.312 [Test worker] DEBUG net.thucydides.core.steps.StepInterceptor - STEP DONE: {0} clicks on #locators
11:47:10.312 [Darkroom Processing Line] DEBUG net.serenitybdd.core.photography.DarkroomProcessingLine - Processing screenshot image in /var/screenshots/screenshot-5787582687707632500
11:47:10.312 [Darkroom Processing Line] DEBUG net.serenitybdd.core.photography.DarkroomProcessingLine - Saving screenshot to C:\Users\mcalifau\Desktop\Automation_Full_Ex\target\site\serenity\51c707f809bd02b71327a73118e2a06f9972e773afc3e8cf6623c08f7b03a597.png
11:47:10.323 [Test worker] DEBUG net.thucydides.core.steps.StepInterceptor - STEP DONE: !#title
11:47:10.537 [Test worker] DEBUG net.serenitybdd.core.photography.Darkroom - Send negative for processing for C:\Users\mcalifau\Desktop\Automation_Full_Ex\target\site\serenity\51c707f809bd02b71327a73118e2a06f9972e773afc3e8cf6623c08f7b03a597.png
11:47:10.538 [Test worker] DEBUG net.thucydides.core.steps.StepInterceptor - STARTING STEP: LoginFormStepDefinition.loginLoadData - !#title
11:47:10.551 [Test worker] DEBUG net.thucydides.core.steps.StepInterceptor - STARTING STEP: LoginFormStepDefinition.loginLoadData - {0} clears field #locators
11:47:10.978 [Test worker] DEBUG net.serenitybdd.core.photography.Darkroom - Send negative for processing for C:\Users\mcalifau\Desktop\Automation_Full_Ex\target\site\serenity\dd57805056257155e73add51441ecd3e18b78b1dc6b78371618be3fd3ff8864a.png
11:47:10.978 [Test worker] DEBUG net.thucydides.core.steps.StepInterceptor - STEP DONE: {0} clears field #locators
11:47:10.978 [Darkroom Processing Line] DEBUG net.serenitybdd.core.photography.DarkroomProcessingLine - Processing screenshot image in /var/screenshots/screenshot-12855168215676133090
11:47:10.978 [Darkroom Processing Line] DEBUG net.serenitybdd.core.photography.DarkroomProcessingLine - Saving screenshot to C:\Users\mcalifau\Desktop\Automation_Full_Ex\target\site\serenity\dd57805056257155e73add51441ecd3e18b78b1dc6b78371618be3fd3ff8864a.png
11:47:10.994 [Test worker] DEBUG net.thucydides.core.steps.StepInterceptor - STARTING STEP: LoginFormStepDefinition.loginLoadData - {0} clears field #locators
11:47:11.498 [Test worker] DEBUG net.serenitybdd.core.photography.Darkroom - Send negative for processing for C:\Users\mcalifau\Desktop\Automation_Full_Ex\target\site\serenity\76d3d35efbbef08b0a30bd6b86e8f48f1573c99611a7617e7eecc9d31797dffa.png
11:47:11.498 [Test worker] DEBUG net.thucydides.core.steps.StepInterceptor - STEP DONE: {0} clears field #locators
11:47:11.498 [Darkroom Processing Line] DEBUG net.serenitybdd.core.photography.DarkroomProcessingLine - Processing screenshot image in /var/screenshots/screenshot-38246076664885550
11:47:11.498 [Darkroom Processing Line] DEBUG net.serenitybdd.core.photography.DarkroomProcessingLine - Saving screenshot to C:\Users\mcalifau\Desktop\Automation_Full_Ex\target\site\serenity\76d3d35efbbef08b0a30bd6b86e8f48f1573c99611a7617e7eecc9d31797dffa.png
11:47:11.512 [Test worker] DEBUG net.thucydides.core.steps.StepInterceptor - STARTING STEP: LoginFormStepDefinition.loginLoadData - {0} enters #theTextAsAString into #locatorNames
11:47:11.810 [Test worker] DEBUG net.serenitybdd.core.photography.Darkroom - Send negative for processing for C:\Users\mcalifau\Desktop\Automation_Full_Ex\target\site\serenity\df8928f5a7ef5d025c8cd2a8f16502e21e0c4f31db85882f97dec6d575721ea3.png
11:47:11.811 [Test worker] DEBUG net.thucydides.core.steps.StepInterceptor - STEP DONE: {0} enters #theTextAsAString into #locatorNames
11:47:11.811 [Darkroom Processing Line] DEBUG net.serenitybdd.core.photography.DarkroomProcessingLine - Processing screenshot image in /var/screenshots/screenshot-8723512222858121844
11:47:11.811 [Darkroom Processing Line] DEBUG net.serenitybdd.core.photography.DarkroomProcessingLine - Saving screenshot to C:\Users\mcalifau\Desktop\Automation_Full_Ex\target\site\serenity\df8928f5a7ef5d025c8cd2a8f16502e21e0c4f31db85882f97dec6d575721ea3.png
11:47:11.829 [Test worker] DEBUG net.thucydides.core.steps.StepInterceptor - STARTING STEP: LoginFormStepDefinition.loginLoadData - {0} enters #theTextAsAString into #locatorNames
11:47:12.110 [Test worker] DEBUG net.serenitybdd.core.photography.Darkroom - Send negative for processing for C:\Users\mcalifau\Desktop\Automation_Full_Ex\target\site\serenity\5b7bac23a563dd88a233e439485551ac97672e085e3ef0975c451a3017907e79.png
11:47:12.111 [Test worker] DEBUG net.thucydides.core.steps.StepInterceptor - STEP DONE: {0} enters #theTextAsAString into #locatorNames
11:47:12.111 [Darkroom Processing Line] DEBUG net.serenitybdd.core.photography.DarkroomProcessingLine - Processing screenshot image in /var/screenshots/screenshot-17889820185209881533
11:47:12.111 [Darkroom Processing Line] DEBUG net.serenitybdd.core.photography.DarkroomProcessingLine - Saving screenshot to C:\Users\mcalifau\Desktop\Automation_Full_Ex\target\site\serenity\5b7bac23a563dd88a233e439485551ac97672e085e3ef0975c451a3017907e79.png
11:47:12.126 [Test worker] DEBUG net.thucydides.core.steps.StepInterceptor - STARTING STEP: LoginFormStepDefinition.loginLoadData - {0} clicks on #locators
11:47:12.535 [Test worker] DEBUG net.serenitybdd.core.photography.Darkroom - Send negative for processing for C:\Users\mcalifau\Desktop\Automation_Full_Ex\target\site\serenity\2336f9a6d9ad813aeb693d8f46455b1a21f5a5f81152bcb0e285a492ffac8b87.png
11:47:12.536 [Test worker] DEBUG net.thucydides.core.steps.StepInterceptor - STEP DONE: {0} clicks on #locators
11:47:12.536 [Darkroom Processing Line] DEBUG net.serenitybdd.core.photography.DarkroomProcessingLine - Processing screenshot image in /var/screenshots/screenshot-7953442323580266625
11:47:12.536 [Darkroom Processing Line] DEBUG net.serenitybdd.core.photography.DarkroomProcessingLine - Saving screenshot to C:\Users\mcalifau\Desktop\Automation_Full_Ex\target\site\serenity\2336f9a6d9ad813aeb693d8f46455b1a21f5a5f81152bcb0e285a492ffac8b87.png
11:47:12.548 [Test worker] DEBUG net.thucydides.core.steps.StepInterceptor - STEP DONE: !#title
11:47:17.934 [Test worker] DEBUG net.serenitybdd.core.photography.Darkroom - Send negative for processing for C:\Users\mcalifau\Desktop\Automation_Full_Ex\target\site\serenity\7a9ba24a31b8fe6bdee9f58153c1071dd8465112d7a6839fd2ae0937850c77a6.png
11:47:17.934 [Darkroom Processing Line] DEBUG net.serenitybdd.core.photography.DarkroomProcessingLine - Processing screenshot image in /var/screenshots/screenshot-1916434406805751554
11:47:17.934 [Darkroom Processing Line] DEBUG net.serenitybdd.core.photography.DarkroomProcessingLine - Saving screenshot to C:\Users\mcalifau\Desktop\Automation_Full_Ex\target\site\serenity\7a9ba24a31b8fe6bdee9f58153c1071dd8465112d7a6839fd2ae0937850c77a6.png
11:47:17.935 [Test worker] DEBUG net.serenitybdd.screenplay.targets.IFrameSwitcher - default content already selected for By.cssSelector: .alert
11:47:20.148 [Test worker] DEBUG net.serenitybdd.core.photography.Darkroom - Send negative for processing for C:\Users\mcalifau\Desktop\Automation_Full_Ex\target\site\serenity\a5dc9b0bd53094ed95f8a1a96d4006d79b3784aee624b07dedfb5191c9910f83.png
11:47:20.149 [Darkroom Processing Line] DEBUG net.serenitybdd.core.photography.DarkroomProcessingLine - Processing screenshot image in /var/screenshots/screenshot-14302897851132844219
11:47:20.149 [Darkroom Processing Line] DEBUG net.serenitybdd.core.photography.DarkroomProcessingLine - Saving screenshot to C:\Users\mcalifau\Desktop\Automation_Full_Ex\target\site\serenity\a5dc9b0bd53094ed95f8a1a96d4006d79b3784aee624b07dedfb5191c9910f83.png
11:47:20.278 [Test worker] INFO  - 
  _____   ___   ___   _____     ___     _     ___   ___   ___   ___  
 |_   _| | __| / __| |_   _|   | _ \   /_\   / __| / __| | __| |   \ 
   | |   | _|  \__ \   | |     |  _/  / _ \  \__ \ \__ \ | _|  | |) |
   |_|   |___| |___/   |_|     |_|   /_/ \_\ |___/ |___/ |___| |___/ 

Login on The Website
----------------------------------------------------------------------
]]></system-out>
  <system-err><![CDATA[Starting ChromeDriver 108.0.5359.71 (1e0e3868ee06e91ad636a874420e3ca3ae3756ac-refs/branch-heads/5359@{#1016}) on port 24473
Only local connections are allowed.
Please see https://chromedriver.chromium.org/security-considerations for suggestions on keeping ChromeDriver safe.
ChromeDriver was started successfully.
dic. 05, 2022 11:46:54 A. M. org.openqa.selenium.remote.ProtocolHandshake createSession
INFORMACIÓN: Detected dialect: W3C
]]></system-err>
</testsuite>
